  [1m[36m (21.9ms)[0m  [1mSELECT "schema_migrations"."version" FROM "schema_migrations" [0m
Migrating to CreateMovies (20111119180638)
  [1m[35m (0.2ms)[0m  select sqlite_version(*)
  [1m[36m (0.1ms)[0m  [1mSELECT "schema_migrations"."version" FROM "schema_migrations" [0m
  [1m[35m (0.0ms)[0m  PRAGMA index_list("movies")
  [1m[36m (1.6ms)[0m  [1mSELECT "schema_migrations"."version" FROM "schema_migrations" [0m
  [1m[35m (0.7ms)[0m  select sqlite_version(*)
  [1m[36m (63.7ms)[0m  [1mCREATE TABLE "movies" ("id" INTEGER PRIMARY KEY AUTOINCREMENT NOT NULL, "title" varchar(255), "rating" varchar(255), "description" text, "release_date" datetime, "created_at" datetime, "updated_at" datetime) [0m
  [1m[35m (30.9ms)[0m  CREATE TABLE "schema_migrations" ("version" varchar(255) NOT NULL) 
  [1m[36m (0.1ms)[0m  [1mPRAGMA index_list("schema_migrations")[0m
  [1m[35m (35.2ms)[0m  CREATE UNIQUE INDEX "unique_schema_migrations" ON "schema_migrations" ("version")
  [1m[36m (0.3ms)[0m  [1mSELECT version FROM "schema_migrations"[0m
  [1m[35m (51.8ms)[0m  INSERT INTO "schema_migrations" (version) VALUES ('20120130161449')
  [1m[36m (31.3ms)[0m  [1mINSERT INTO "schema_migrations" (version) VALUES ('20111119180638')[0m
  [1m[36m (1.5ms)[0m  [1mSELECT "schema_migrations"."version" FROM "schema_migrations" [0m
Migrating to CreateMovies (20111119180638)
  [1m[35m (0.2ms)[0m  select sqlite_version(*)
  [1m[36m (0.1ms)[0m  [1mSELECT "schema_migrations"."version" FROM "schema_migrations" [0m
  [1m[35m (0.0ms)[0m  PRAGMA index_list("movies")
  [1m[36m (1.2ms)[0m  [1mSELECT "schema_migrations"."version" FROM "schema_migrations" [0m
  [1m[35m (0.2ms)[0m  select sqlite_version(*)
  [1m[36m (100.4ms)[0m  [1mCREATE TABLE "movies" ("id" INTEGER PRIMARY KEY AUTOINCREMENT NOT NULL, "title" varchar(255), "rating" varchar(255), "description" text, "release_date" datetime, "created_at" datetime, "updated_at" datetime) [0m
  [1m[35m (29.0ms)[0m  CREATE TABLE "schema_migrations" ("version" varchar(255) NOT NULL) 
  [1m[36m (0.2ms)[0m  [1mPRAGMA index_list("schema_migrations")[0m
  [1m[35m (31.1ms)[0m  CREATE UNIQUE INDEX "unique_schema_migrations" ON "schema_migrations" ("version")
  [1m[36m (0.3ms)[0m  [1mSELECT version FROM "schema_migrations"[0m
  [1m[35m (32.7ms)[0m  INSERT INTO "schema_migrations" (version) VALUES ('20120130161449')
  [1m[36m (25.2ms)[0m  [1mINSERT INTO "schema_migrations" (version) VALUES ('20111119180638')[0m
  [1m[36m (2.0ms)[0m  [1mSELECT "schema_migrations"."version" FROM "schema_migrations" [0m
  [1m[35m (0.2ms)[0m  select sqlite_version(*)
  [1m[36m (120.6ms)[0m  [1mCREATE TABLE "movies" ("id" INTEGER PRIMARY KEY AUTOINCREMENT NOT NULL, "title" varchar(255), "rating" varchar(255), "description" text, "release_date" datetime, "created_at" datetime, "updated_at" datetime) [0m
  [1m[35m (19.3ms)[0m  CREATE TABLE "schema_migrations" ("version" varchar(255) NOT NULL) 
  [1m[36m (0.1ms)[0m  [1mPRAGMA index_list("schema_migrations")[0m
  [1m[35m (30.2ms)[0m  CREATE UNIQUE INDEX "unique_schema_migrations" ON "schema_migrations" ("version")
  [1m[36m (0.1ms)[0m  [1mSELECT version FROM "schema_migrations"[0m
  [1m[35m (90.7ms)[0m  INSERT INTO "schema_migrations" (version) VALUES ('20120130161449')
  [1m[36m (30.6ms)[0m  [1mINSERT INTO "schema_migrations" (version) VALUES ('20111119180638')[0m
  [1m[36m (1.5ms)[0m  [1mSELECT "schema_migrations"."version" FROM "schema_migrations" [0m
Migrating to CreateMovies (20111119180638)
Migrating to AddDirectorsToMovies (20130813105653)
  [1m[35m (0.0ms)[0m  select sqlite_version(*)
  [1m[36m (0.2ms)[0m  [1mALTER TABLE "movies" ADD "Directors" varchar(255)[0m
  [1m[35m (0.1ms)[0m  INSERT INTO "schema_migrations" ("version") VALUES ('20130813105653')
Migrating to RemoveDirectorsFromMovies (20130813105900)
  [1m[36m (0.5ms)[0m  [1mINSERT INTO "schema_migrations" ("version") VALUES ('20130813105900')[0m
Migrating to AddDirectorToMovies (20130813105932)
  [1m[35m (0.3ms)[0m  ALTER TABLE "movies" ADD "director" varchar(255)
  [1m[36m (0.1ms)[0m  [1mINSERT INTO "schema_migrations" ("version") VALUES ('20130813105932')[0m
  [1m[35m (0.2ms)[0m  select sqlite_version(*)
  [1m[36m (0.1ms)[0m  [1mSELECT "schema_migrations"."version" FROM "schema_migrations" [0m
  [1m[35m (0.1ms)[0m  PRAGMA index_list("movies")
  [1m[36m (1.6ms)[0m  [1mSELECT "schema_migrations"."version" FROM "schema_migrations" [0m
  [1m[35m (0.2ms)[0m  select sqlite_version(*)
  [1m[36m (37.7ms)[0m  [1mCREATE TABLE "movies" ("id" INTEGER PRIMARY KEY AUTOINCREMENT NOT NULL, "title" varchar(255), "rating" varchar(255), "description" text, "release_date" datetime, "created_at" datetime, "updated_at" datetime, "Directors" varchar(255), "director" varchar(255)) [0m
  [1m[35m (28.0ms)[0m  CREATE TABLE "schema_migrations" ("version" varchar(255) NOT NULL) 
  [1m[36m (0.1ms)[0m  [1mPRAGMA index_list("schema_migrations")[0m
  [1m[35m (27.6ms)[0m  CREATE UNIQUE INDEX "unique_schema_migrations" ON "schema_migrations" ("version")
  [1m[36m (0.1ms)[0m  [1mSELECT version FROM "schema_migrations"[0m
  [1m[35m (25.1ms)[0m  INSERT INTO "schema_migrations" (version) VALUES ('20130813105932')
  [1m[36m (23.7ms)[0m  [1mINSERT INTO "schema_migrations" (version) VALUES ('20130813105653')[0m
  [1m[35m (27.7ms)[0m  INSERT INTO "schema_migrations" (version) VALUES ('20130813105900')
  [1m[36m (25.1ms)[0m  [1mINSERT INTO "schema_migrations" (version) VALUES ('20111119180638')[0m


Started GET "/" for 127.0.0.1 at 2013-08-14 20:31:20 +0100


Started GET "/movies" for 127.0.0.1 at 2013-08-14 20:31:21 +0100
  Processing by MoviesController#index as HTML
  [1m[36mMovie Load (0.4ms)[0m  [1mSELECT "movies".* FROM "movies" WHERE "movies"."rating" IN ('G', 'PG', 'PG-13', 'NC-17', 'R')[0m
Rendered movies/index.html.haml within layouts/application (65.3ms)
Compiled application.css  (2ms)  (pid 17911)
Compiled application.js  (5ms)  (pid 17911)
Compiled jquery.js  (27ms)  (pid 17911)
Compiled jquery_ujs.js  (11ms)  (pid 17911)
Completed 200 OK in 264ms (Views: 258.2ms | ActiveRecord: 0.6ms)


Started GET "/assets/application.css?body=1" for 127.0.0.1 at 2013-08-14 20:31:22 +0100
Served asset /application.css - 200 OK (1ms)


Started GET "/assets/application.js?body=1" for 127.0.0.1 at 2013-08-14 20:31:22 +0100
Served asset /application.js - 200 OK (18ms)


Started GET "/assets/jquery_ujs.js?body=1" for 127.0.0.1 at 2013-08-14 20:31:22 +0100
Served asset /jquery_ujs.js - 200 OK (12ms)


Started GET "/assets/jquery.js?body=1" for 127.0.0.1 at 2013-08-14 20:31:22 +0100
Served asset /jquery.js - 200 OK (63ms)


Started GET "/" for 127.0.0.1 at 2013-08-16 10:59:31 +0100


Started GET "/movies" for 127.0.0.1 at 2013-08-16 10:59:32 +0100
  Processing by MoviesController#index as HTML
  [1m[36mMovie Load (0.4ms)[0m  [1mSELECT "movies".* FROM "movies" WHERE "movies"."rating" IN ('G', 'PG', 'PG-13', 'NC-17', 'R')[0m
Rendered movies/index.html.haml within layouts/application (57.2ms)
Completed 200 OK in 399ms (Views: 344.3ms | ActiveRecord: 0.6ms)


Started GET "/assets/application.css?body=1" for 127.0.0.1 at 2013-08-16 10:59:33 +0100
Served asset /application.css - 200 OK (36ms)


Started GET "/assets/application.js?body=1" for 127.0.0.1 at 2013-08-16 10:59:33 +0100
Served asset /application.js - 200 OK (21ms)


Started GET "/assets/jquery_ujs.js?body=1" for 127.0.0.1 at 2013-08-16 10:59:33 +0100
Served asset /jquery_ujs.js - 200 OK (7ms)


Started GET "/assets/jquery.js?body=1" for 127.0.0.1 at 2013-08-16 10:59:33 +0100
Served asset /jquery.js - 200 OK (11ms)


Started GET "/movies?utf8=%E2%9C%93&ratings%5BG%5D=1&ratings%5BNC-17%5D=1&ratings%5BR%5D=1&commit=Refresh" for 127.0.0.1 at 2013-08-16 10:59:45 +0100
  Processing by MoviesController#index as HTML
  Parameters: {"utf8"=>"✓", "ratings"=>{"G"=>"1", "NC-17"=>"1", "R"=>"1"}, "commit"=>"Refresh"}
Redirected to http://localhost:3000/movies?ratings%5BG%5D=1&ratings%5BNC-17%5D=1&ratings%5BR%5D=1
Completed 302 Found in 3ms


Started GET "/movies?ratings%5BG%5D=1&ratings%5BNC-17%5D=1&ratings%5BR%5D=1" for 127.0.0.1 at 2013-08-16 10:59:45 +0100
  Processing by MoviesController#index as HTML
  Parameters: {"ratings"=>{"G"=>"1", "NC-17"=>"1", "R"=>"1"}}
  [1m[35mMovie Load (0.3ms)[0m  SELECT "movies".* FROM "movies" WHERE "movies"."rating" IN ('G', 'NC-17', 'R')
Rendered movies/index.html.haml within layouts/application (15.1ms)
Completed 200 OK in 23ms (Views: 20.0ms | ActiveRecord: 1.1ms)


Started GET "/assets/application.css?body=1" for 127.0.0.1 at 2013-08-16 10:59:45 +0100
Served asset /application.css - 304 Not Modified (0ms)


Started GET "/assets/jquery.js?body=1" for 127.0.0.1 at 2013-08-16 10:59:45 +0100
Served asset /jquery.js - 304 Not Modified (0ms)


Started GET "/assets/jquery_ujs.js?body=1" for 127.0.0.1 at 2013-08-16 10:59:45 +0100
Served asset /jquery_ujs.js - 304 Not Modified (0ms)


Started GET "/assets/application.js?body=1" for 127.0.0.1 at 2013-08-16 10:59:45 +0100
Served asset /application.js - 200 OK (0ms)


Started GET "/movies?utf8=%E2%9C%93&ratings%5BG%5D=1&ratings%5BNC-17%5D=1&commit=Refresh" for 127.0.0.1 at 2013-08-16 11:00:05 +0100
  Processing by MoviesController#index as HTML
  Parameters: {"utf8"=>"✓", "ratings"=>{"G"=>"1", "NC-17"=>"1"}, "commit"=>"Refresh"}
Redirected to http://localhost:3000/movies?ratings%5BG%5D=1&ratings%5BNC-17%5D=1
Completed 302 Found in 1ms


Started GET "/movies?ratings%5BG%5D=1&ratings%5BNC-17%5D=1" for 127.0.0.1 at 2013-08-16 11:00:05 +0100
  Processing by MoviesController#index as HTML
  Parameters: {"ratings"=>{"G"=>"1", "NC-17"=>"1"}}
  [1m[36mMovie Load (0.3ms)[0m  [1mSELECT "movies".* FROM "movies" WHERE "movies"."rating" IN ('G', 'NC-17')[0m
Rendered movies/index.html.haml within layouts/application (15.5ms)
Completed 200 OK in 24ms (Views: 20.4ms | ActiveRecord: 1.4ms)


Started GET "/assets/application.css?body=1" for 127.0.0.1 at 2013-08-16 11:00:06 +0100
Served asset /application.css - 304 Not Modified (0ms)


Started GET "/assets/application.js?body=1" for 127.0.0.1 at 2013-08-16 11:00:06 +0100
Served asset /application.js - 304 Not Modified (0ms)


Started GET "/assets/jquery_ujs.js?body=1" for 127.0.0.1 at 2013-08-16 11:00:06 +0100
Served asset /jquery_ujs.js - 304 Not Modified (0ms)


Started GET "/assets/jquery.js?body=1" for 127.0.0.1 at 2013-08-16 11:00:06 +0100
Served asset /jquery.js - 304 Not Modified (0ms)


Started GET "/" for 127.0.0.1 at 2013-08-16 11:11:12 +0100


Started GET "/movies" for 127.0.0.1 at 2013-08-16 11:11:13 +0100
  Processing by MoviesController#index as HTML
Redirected to http://localhost:3000/movies?ratings%5BG%5D=1&ratings%5BNC-17%5D=1
Completed 302 Found in 2ms


Started GET "/movies?ratings%5BG%5D=1&ratings%5BNC-17%5D=1" for 127.0.0.1 at 2013-08-16 11:11:13 +0100
  Processing by MoviesController#index as HTML
  Parameters: {"ratings"=>{"G"=>"1", "NC-17"=>"1"}}
  [1m[36mMovie Load (0.2ms)[0m  [1mSELECT "movies".* FROM "movies" WHERE "movies"."rating" IN ('G', 'NC-17')[0m
Rendered movies/index.html.haml within layouts/application (21.8ms)
Completed 200 OK in 84ms (Views: 78.5ms | ActiveRecord: 0.4ms)


Started GET "/assets/application.css?body=1" for 127.0.0.1 at 2013-08-16 11:11:13 +0100
Served asset /application.css - 304 Not Modified (0ms)


Started GET "/assets/jquery_ujs.js?body=1" for 127.0.0.1 at 2013-08-16 11:11:13 +0100
Served asset /jquery_ujs.js - 304 Not Modified (1ms)


Started GET "/assets/jquery.js?body=1" for 127.0.0.1 at 2013-08-16 11:11:13 +0100
Served asset /jquery.js - 304 Not Modified (1ms)


Started GET "/assets/application.js?body=1" for 127.0.0.1 at 2013-08-16 11:11:13 +0100
Served asset /application.js - 304 Not Modified (0ms)


Started GET "/movies/10" for 127.0.0.1 at 2013-08-16 11:11:17 +0100
  Processing by MoviesController#show as HTML
  Parameters: {"id"=>"10"}
  [1m[35mMovie Load (0.2ms)[0m  SELECT "movies".* FROM "movies" WHERE "movies"."id" = ? LIMIT 1  [["id", "10"]]
Rendered movies/show.html.haml within layouts/application (19.9ms)
Completed 200 OK in 95ms (Views: 92.9ms | ActiveRecord: 0.5ms)


Started GET "/assets/application.css?body=1" for 127.0.0.1 at 2013-08-16 11:11:17 +0100
Served asset /application.css - 304 Not Modified (0ms)


Started GET "/assets/application.js?body=1" for 127.0.0.1 at 2013-08-16 11:11:17 +0100
Served asset /application.js - 304 Not Modified (0ms)


Started GET "/assets/jquery_ujs.js?body=1" for 127.0.0.1 at 2013-08-16 11:11:17 +0100
Served asset /jquery_ujs.js - 304 Not Modified (0ms)


Started GET "/assets/jquery.js?body=1" for 127.0.0.1 at 2013-08-16 11:11:17 +0100
Served asset /jquery.js - 304 Not Modified (0ms)


Started GET "/movies/10/edit" for 127.0.0.1 at 2013-08-16 11:11:21 +0100
  Processing by MoviesController#edit as HTML
  Parameters: {"id"=>"10"}
  [1m[36mMovie Load (0.1ms)[0m  [1mSELECT "movies".* FROM "movies" WHERE "movies"."id" = ? LIMIT 1[0m  [["id", "10"]]
Rendered movies/edit.html.haml within layouts/application (13.5ms)
Completed 200 OK in 19ms (Views: 17.3ms | ActiveRecord: 0.5ms)


Started GET "/assets/application.css?body=1" for 127.0.0.1 at 2013-08-16 11:11:21 +0100
Served asset /application.css - 304 Not Modified (0ms)


Started GET "/assets/application.js?body=1" for 127.0.0.1 at 2013-08-16 11:11:21 +0100
Served asset /application.js - 304 Not Modified (0ms)


Started GET "/assets/jquery_ujs.js?body=1" for 127.0.0.1 at 2013-08-16 11:11:21 +0100
Served asset /jquery_ujs.js - 304 Not Modified (0ms)


Started GET "/assets/jquery.js?body=1" for 127.0.0.1 at 2013-08-16 11:11:21 +0100
Served asset /jquery.js - 304 Not Modified (0ms)


Started GET "/movies" for 127.0.0.1 at 2013-08-16 11:11:27 +0100
  Processing by MoviesController#index as HTML
Redirected to http://localhost:3000/movies?ratings%5BG%5D=1&ratings%5BNC-17%5D=1
Completed 302 Found in 1ms


Started GET "/movies?ratings%5BG%5D=1&ratings%5BNC-17%5D=1" for 127.0.0.1 at 2013-08-16 11:11:27 +0100
  Processing by MoviesController#index as HTML
  Parameters: {"ratings"=>{"G"=>"1", "NC-17"=>"1"}}
  [1m[35mMovie Load (0.2ms)[0m  SELECT "movies".* FROM "movies" WHERE "movies"."rating" IN ('G', 'NC-17')
Rendered movies/index.html.haml within layouts/application (20.5ms)
Completed 200 OK in 27ms (Views: 24.8ms | ActiveRecord: 0.5ms)


Started GET "/assets/application.css?body=1" for 127.0.0.1 at 2013-08-16 11:11:27 +0100
Served asset /application.css - 304 Not Modified (0ms)


Started GET "/assets/application.js?body=1" for 127.0.0.1 at 2013-08-16 11:11:27 +0100
Served asset /application.js - 304 Not Modified (6ms)


Started GET "/assets/jquery_ujs.js?body=1" for 127.0.0.1 at 2013-08-16 11:11:27 +0100
Served asset /jquery_ujs.js - 304 Not Modified (0ms)


Started GET "/assets/jquery.js?body=1" for 127.0.0.1 at 2013-08-16 11:11:27 +0100
Served asset /jquery.js - 304 Not Modified (0ms)


Started GET "/" for 127.0.0.1 at 2013-08-16 15:26:38 +0100


Started GET "/movies" for 127.0.0.1 at 2013-08-16 15:26:39 +0100
  Processing by MoviesController#index as HTML
Redirected to http://localhost:3000/movies?ratings%5BG%5D=1&ratings%5BNC-17%5D=1
Completed 302 Found in 1ms


Started GET "/movies?ratings%5BG%5D=1&ratings%5BNC-17%5D=1" for 127.0.0.1 at 2013-08-16 15:26:39 +0100
  Processing by MoviesController#index as HTML
  Parameters: {"ratings"=>{"G"=>"1", "NC-17"=>"1"}}
  [1m[36mMovie Load (0.3ms)[0m  [1mSELECT "movies".* FROM "movies" WHERE "movies"."rating" IN ('G', 'NC-17')[0m
Rendered movies/index.html.haml within layouts/application (32.2ms)
Completed 200 OK in 97ms (Views: 92.4ms | ActiveRecord: 0.7ms)


Started GET "/assets/application.css?body=1" for 127.0.0.1 at 2013-08-16 15:26:39 +0100
Served asset /application.css - 304 Not Modified (0ms)


Started GET "/assets/jquery.js?body=1" for 127.0.0.1 at 2013-08-16 15:26:39 +0100
Served asset /jquery.js - 304 Not Modified (6ms)


Started GET "/assets/application.js?body=1" for 127.0.0.1 at 2013-08-16 15:26:39 +0100
Served asset /application.js - 304 Not Modified (0ms)


Started GET "/assets/jquery_ujs.js?body=1" for 127.0.0.1 at 2013-08-16 15:26:39 +0100
Served asset /jquery_ujs.js - 304 Not Modified (1ms)


Started GET "/" for 127.0.0.1 at 2013-08-16 15:26:54 +0100


Started GET "/movies" for 127.0.0.1 at 2013-08-16 15:26:54 +0100
  Processing by MoviesController#index as HTML
Redirected to http://localhost:3000/movies?ratings%5BG%5D=1&ratings%5BNC-17%5D=1
Completed 302 Found in 1ms


Started GET "/movies?ratings%5BG%5D=1&ratings%5BNC-17%5D=1" for 127.0.0.1 at 2013-08-16 15:26:54 +0100
  Processing by MoviesController#index as HTML
  Parameters: {"ratings"=>{"G"=>"1", "NC-17"=>"1"}}
  [1m[35mMovie Load (0.2ms)[0m  SELECT "movies".* FROM "movies" WHERE "movies"."rating" IN ('G', 'NC-17')
Rendered movies/index.html.haml within layouts/application (17.1ms)
Completed 200 OK in 29ms (Views: 26.5ms | ActiveRecord: 0.5ms)


Started GET "/assets/application.css?body=1" for 127.0.0.1 at 2013-08-16 15:26:55 +0100
Served asset /application.css - 304 Not Modified (0ms)


Started GET "/assets/application.js?body=1" for 127.0.0.1 at 2013-08-16 15:26:55 +0100
Served asset /application.js - 304 Not Modified (0ms)


Started GET "/assets/jquery_ujs.js?body=1" for 127.0.0.1 at 2013-08-16 15:26:55 +0100
Served asset /jquery_ujs.js - 304 Not Modified (0ms)


Started GET "/assets/jquery.js?body=1" for 127.0.0.1 at 2013-08-16 15:26:55 +0100
Served asset /jquery.js - 304 Not Modified (0ms)


Started GET "/movies?utf8=%E2%9C%93&ratings%5BG%5D=1&ratings%5BNC-17%5D=1&commit=Refresh" for 127.0.0.1 at 2013-08-16 15:26:57 +0100
  Processing by MoviesController#index as HTML
  Parameters: {"utf8"=>"✓", "ratings"=>{"G"=>"1", "NC-17"=>"1"}, "commit"=>"Refresh"}
  [1m[36mMovie Load (0.2ms)[0m  [1mSELECT "movies".* FROM "movies" WHERE "movies"."rating" IN ('G', 'NC-17')[0m
Rendered movies/index.html.haml within layouts/application (39.5ms)
Completed 200 OK in 47ms (Views: 44.3ms | ActiveRecord: 0.6ms)


Started GET "/assets/application.css?body=1" for 127.0.0.1 at 2013-08-16 15:26:57 +0100
Served asset /application.css - 304 Not Modified (0ms)


Started GET "/assets/application.js?body=1" for 127.0.0.1 at 2013-08-16 15:26:57 +0100
Served asset /application.js - 304 Not Modified (6ms)


Started GET "/assets/jquery_ujs.js?body=1" for 127.0.0.1 at 2013-08-16 15:26:57 +0100
Served asset /jquery_ujs.js - 304 Not Modified (0ms)


Started GET "/assets/jquery.js?body=1" for 127.0.0.1 at 2013-08-16 15:26:57 +0100
Served asset /jquery.js - 304 Not Modified (0ms)


Started GET "/movies?utf8=%E2%9C%93&ratings%5BG%5D=1&ratings%5BPG%5D=1&ratings%5BPG-13%5D=1&ratings%5BNC-17%5D=1&ratings%5BR%5D=1&commit=Refresh" for 127.0.0.1 at 2013-08-16 15:27:01 +0100
  Processing by MoviesController#index as HTML
  Parameters: {"utf8"=>"✓", "ratings"=>{"G"=>"1", "PG"=>"1", "PG-13"=>"1", "NC-17"=>"1", "R"=>"1"}, "commit"=>"Refresh"}
Redirected to http://localhost:3000/movies?ratings%5BG%5D=1&ratings%5BNC-17%5D=1&ratings%5BPG%5D=1&ratings%5BPG-13%5D=1&ratings%5BR%5D=1
Completed 302 Found in 1ms


Started GET "/movies?ratings%5BG%5D=1&ratings%5BNC-17%5D=1&ratings%5BPG%5D=1&ratings%5BPG-13%5D=1&ratings%5BR%5D=1" for 127.0.0.1 at 2013-08-16 15:27:01 +0100
  Processing by MoviesController#index as HTML
  Parameters: {"ratings"=>{"G"=>"1", "NC-17"=>"1", "PG"=>"1", "PG-13"=>"1", "R"=>"1"}}
  [1m[35mMovie Load (0.3ms)[0m  SELECT "movies".* FROM "movies" WHERE "movies"."rating" IN ('G', 'NC-17', 'PG', 'PG-13', 'R')
Rendered movies/index.html.haml within layouts/application (18.3ms)
Completed 200 OK in 25ms (Views: 22.8ms | ActiveRecord: 0.6ms)


Started GET "/assets/application.css?body=1" for 127.0.0.1 at 2013-08-16 15:27:01 +0100
Served asset /application.css - 304 Not Modified (0ms)


Started GET "/assets/application.js?body=1" for 127.0.0.1 at 2013-08-16 15:27:02 +0100
Served asset /application.js - 304 Not Modified (0ms)


Started GET "/assets/jquery_ujs.js?body=1" for 127.0.0.1 at 2013-08-16 15:27:02 +0100
Served asset /jquery_ujs.js - 304 Not Modified (0ms)


Started GET "/assets/jquery.js?body=1" for 127.0.0.1 at 2013-08-16 15:27:02 +0100
Served asset /jquery.js - 304 Not Modified (0ms)


Started GET "/movies/1" for 127.0.0.1 at 2013-08-16 15:27:06 +0100
  Processing by MoviesController#show as HTML
  Parameters: {"id"=>"1"}
  [1m[36mMovie Load (0.2ms)[0m  [1mSELECT "movies".* FROM "movies" WHERE "movies"."id" = ? LIMIT 1[0m  [["id", "1"]]
Rendered movies/show.html.haml within layouts/application (14.1ms)
Completed 200 OK in 21ms (Views: 18.7ms | ActiveRecord: 0.6ms)


Started GET "/assets/application.css?body=1" for 127.0.0.1 at 2013-08-16 15:27:06 +0100
Served asset /application.css - 304 Not Modified (0ms)


Started GET "/assets/application.js?body=1" for 127.0.0.1 at 2013-08-16 15:27:06 +0100
Served asset /application.js - 304 Not Modified (0ms)


Started GET "/assets/jquery_ujs.js?body=1" for 127.0.0.1 at 2013-08-16 15:27:06 +0100
Served asset /jquery_ujs.js - 304 Not Modified (0ms)


Started GET "/assets/jquery.js?body=1" for 127.0.0.1 at 2013-08-16 15:27:06 +0100
Served asset /jquery.js - 304 Not Modified (0ms)


Started GET "/movies/list_by_director?title=Aladdin" for 127.0.0.1 at 2013-08-16 15:27:22 +0100
  Processing by MoviesController#show as HTML
  Parameters: {"title"=>"Aladdin", "id"=>"list_by_director"}
  [1m[35mMovie Load (0.1ms)[0m  SELECT "movies".* FROM "movies" WHERE "movies"."id" = ? LIMIT 1  [["id", "list_by_director"]]
Completed 404 Not Found in 2ms

ActiveRecord::RecordNotFound (Couldn't find Movie with id=list_by_director):
  app/controllers/movies_controller.rb:5:in `show'

Rendered /home/ubuntu/.rvm/gems/ruby-1.9.3-p448/gems/actionpack-3.1.0/lib/action_dispatch/middleware/templates/rescues/_trace.erb (1.9ms)
Rendered /home/ubuntu/.rvm/gems/ruby-1.9.3-p448/gems/actionpack-3.1.0/lib/action_dispatch/middleware/templates/rescues/_request_and_response.erb (1.9ms)
Rendered /home/ubuntu/.rvm/gems/ruby-1.9.3-p448/gems/actionpack-3.1.0/lib/action_dispatch/middleware/templates/rescues/diagnostics.erb within rescues/layout (10.8ms)


Started GET "/movies/1" for 127.0.0.1 at 2013-08-16 15:33:23 +0100
  Processing by MoviesController#show as HTML
  Parameters: {"id"=>"1"}
  [1m[36mMovie Load (0.2ms)[0m  [1mSELECT "movies".* FROM "movies" WHERE "movies"."id" = ? LIMIT 1[0m  [["id", "1"]]
Rendered movies/show.html.haml within layouts/application (38.2ms)
Completed 200 OK in 97ms (Views: 95.1ms | ActiveRecord: 0.4ms)


Started GET "/assets/application.css?body=1" for 127.0.0.1 at 2013-08-16 15:33:24 +0100
Served asset /application.css - 304 Not Modified (0ms)


Started GET "/assets/jquery_ujs.js?body=1" for 127.0.0.1 at 2013-08-16 15:33:24 +0100
Served asset /jquery_ujs.js - 304 Not Modified (1ms)


Started GET "/assets/jquery.js?body=1" for 127.0.0.1 at 2013-08-16 15:33:24 +0100
Served asset /jquery.js - 304 Not Modified (1ms)


Started GET "/assets/application.js?body=1" for 127.0.0.1 at 2013-08-16 15:33:24 +0100
Served asset /application.js - 304 Not Modified (0ms)


Started GET "/movies/list_by_director?title=Aladdin" for 127.0.0.1 at 2013-08-16 15:33:33 +0100
  Processing by MoviesController#show as HTML
  Parameters: {"title"=>"Aladdin", "id"=>"list_by_director"}
  [1m[35mMovie Load (0.2ms)[0m  SELECT "movies".* FROM "movies" WHERE "movies"."id" = ? LIMIT 1  [["id", "list_by_director"]]
Completed 404 Not Found in 2ms

ActiveRecord::RecordNotFound (Couldn't find Movie with id=list_by_director):
  app/controllers/movies_controller.rb:5:in `show'

Rendered /home/ubuntu/.rvm/gems/ruby-1.9.3-p448/gems/actionpack-3.1.0/lib/action_dispatch/middleware/templates/rescues/_trace.erb (1.1ms)
Rendered /home/ubuntu/.rvm/gems/ruby-1.9.3-p448/gems/actionpack-3.1.0/lib/action_dispatch/middleware/templates/rescues/_request_and_response.erb (2.0ms)
Rendered /home/ubuntu/.rvm/gems/ruby-1.9.3-p448/gems/actionpack-3.1.0/lib/action_dispatch/middleware/templates/rescues/diagnostics.erb within rescues/layout (5.3ms)
  [1m[36m (1.8ms)[0m  [1mSELECT "schema_migrations"."version" FROM "schema_migrations" [0m
Migrating to CreateMovies (20111119180638)
Migrating to AddDirectorsToMovies (20130813105653)
Migrating to RemoveDirectorsFromMovies (20130813105900)
Migrating to AddDirectorToMovies (20130813105932)
  [1m[35m (0.2ms)[0m  select sqlite_version(*)
  [1m[36m (0.1ms)[0m  [1mSELECT "schema_migrations"."version" FROM "schema_migrations" [0m
  [1m[35m (0.0ms)[0m  PRAGMA index_list("movies")
  [1m[36m (1.1ms)[0m  [1mSELECT "schema_migrations"."version" FROM "schema_migrations" [0m
  [1m[35m (0.3ms)[0m  select sqlite_version(*)
  [1m[36m (40.5ms)[0m  [1mCREATE TABLE "movies" ("id" INTEGER PRIMARY KEY AUTOINCREMENT NOT NULL, "title" varchar(255), "rating" varchar(255), "description" text, "release_date" datetime, "created_at" datetime, "updated_at" datetime, "Directors" varchar(255), "director" varchar(255)) [0m
  [1m[35m (21.4ms)[0m  CREATE TABLE "schema_migrations" ("version" varchar(255) NOT NULL) 
  [1m[36m (0.1ms)[0m  [1mPRAGMA index_list("schema_migrations")[0m
  [1m[35m (58.6ms)[0m  CREATE UNIQUE INDEX "unique_schema_migrations" ON "schema_migrations" ("version")
  [1m[36m (0.2ms)[0m  [1mSELECT version FROM "schema_migrations"[0m
  [1m[35m (25.0ms)[0m  INSERT INTO "schema_migrations" (version) VALUES ('20130813105932')
  [1m[36m (29.1ms)[0m  [1mINSERT INTO "schema_migrations" (version) VALUES ('20130813105653')[0m
  [1m[35m (26.8ms)[0m  INSERT INTO "schema_migrations" (version) VALUES ('20130813105900')
  [1m[36m (26.8ms)[0m  [1mINSERT INTO "schema_migrations" (version) VALUES ('20111119180638')[0m


Started GET "/" for 127.0.0.1 at 2013-08-21 13:09:31 +0100

ActionController::RoutingError (No route matches [GET] "/"):
  

Rendered /home/ubuntu/.rvm/gems/ruby-1.9.3-p448/gems/actionpack-3.1.0/lib/action_dispatch/middleware/templates/rescues/routing_error.erb within rescues/layout (14.3ms)


Started GET "/" for 127.0.0.1 at 2013-08-21 13:09:46 +0100

ActionController::RoutingError (No route matches [GET] "/"):
  

Rendered /home/ubuntu/.rvm/gems/ruby-1.9.3-p448/gems/actionpack-3.1.0/lib/action_dispatch/middleware/templates/rescues/routing_error.erb within rescues/layout (27.3ms)


Started GET "/movies?sort=title" for 127.0.0.1 at 2013-08-21 13:11:09 +0100
  Processing by MoviesController#index as HTML
  Parameters: {"sort"=>"title"}
Redirected to http://localhost:3000/movies?ratings%5BG%5D=G&ratings%5BNC-17%5D=NC-17&ratings%5BPG%5D=PG&ratings%5BPG-13%5D=PG-13&ratings%5BR%5D=R&sort=title
Completed 302 Found in 1ms


Started GET "/movies?ratings%5BG%5D=G&ratings%5BNC-17%5D=NC-17&ratings%5BPG%5D=PG&ratings%5BPG-13%5D=PG-13&ratings%5BR%5D=R&sort=title" for 127.0.0.1 at 2013-08-21 13:11:09 +0100
  Processing by MoviesController#index as HTML
  Parameters: {"ratings"=>{"G"=>"G", "NC-17"=>"NC-17", "PG"=>"PG", "PG-13"=>"PG-13", "R"=>"R"}, "sort"=>"title"}
Redirected to http://localhost:3000/movies?ratings%5BG%5D=G&ratings%5BNC-17%5D=NC-17&ratings%5BPG%5D=PG&ratings%5BPG-13%5D=PG-13&ratings%5BR%5D=R&sort=title
Completed 302 Found in 1ms


Started GET "/movies?ratings%5BG%5D=G&ratings%5BNC-17%5D=NC-17&ratings%5BPG%5D=PG&ratings%5BPG-13%5D=PG-13&ratings%5BR%5D=R&sort=title" for 127.0.0.1 at 2013-08-21 13:11:09 +0100
  Processing by MoviesController#index as HTML
  Parameters: {"ratings"=>{"G"=>"G", "NC-17"=>"NC-17", "PG"=>"PG", "PG-13"=>"PG-13", "R"=>"R"}, "sort"=>"title"}
  [1m[36mMovie Load (0.4ms)[0m  [1mSELECT "movies".* FROM "movies" WHERE "movies"."rating" IN ('G', 'NC-17', 'PG', 'PG-13', 'R') ORDER BY title[0m
Rendered movies/index.html.haml within layouts/application (25.9ms)
Compiled application.css  (7ms)  (pid 3165)
Compiled application.js  (28ms)  (pid 3165)
Compiled jquery.js  (70ms)  (pid 3165)
Compiled jquery_ujs.js  (2ms)  (pid 3165)
Completed 200 OK in 317ms (Views: 311.8ms | ActiveRecord: 0.7ms)


Started GET "/assets/application.css?body=1" for 127.0.0.1 at 2013-08-21 13:11:10 +0100
Served asset /application.css - 304 Not Modified (0ms)


Started GET "/assets/application.js?body=1" for 127.0.0.1 at 2013-08-21 13:11:10 +0100
Served asset /application.js - 200 OK (88ms)


Started GET "/assets/jquery_ujs.js?body=1" for 127.0.0.1 at 2013-08-21 13:11:10 +0100
Served asset /jquery_ujs.js - 200 OK (7ms)


Started GET "/assets/jquery.js?body=1" for 127.0.0.1 at 2013-08-21 13:11:10 +0100
Served asset /jquery.js - 200 OK (7ms)


Started GET "/movies/17" for 127.0.0.1 at 2013-08-21 13:11:30 +0100
  Processing by MoviesController#show as HTML
  Parameters: {"id"=>"17"}
  [1m[35mMovie Load (0.2ms)[0m  SELECT "movies".* FROM "movies" WHERE "movies"."id" = ? LIMIT 1  [["id", "17"]]
Rendered movies/show.html.haml within layouts/application (13.9ms)
Completed 200 OK in 22ms (Views: 18.4ms | ActiveRecord: 0.5ms)


Started GET "/assets/application.css?body=1" for 127.0.0.1 at 2013-08-21 13:11:30 +0100
Served asset /application.css - 304 Not Modified (0ms)


Started GET "/assets/jquery.js?body=1" for 127.0.0.1 at 2013-08-21 13:11:30 +0100
Served asset /jquery.js - 304 Not Modified (0ms)


Started GET "/assets/jquery_ujs.js?body=1" for 127.0.0.1 at 2013-08-21 13:11:30 +0100
Served asset /jquery_ujs.js - 304 Not Modified (0ms)


Started GET "/assets/application.js?body=1" for 127.0.0.1 at 2013-08-21 13:11:30 +0100
Served asset /application.js - 304 Not Modified (0ms)


Started DELETE "/movies/17" for 127.0.0.1 at 2013-08-21 13:11:33 +0100
  Processing by MoviesController#destroy as HTML
  Parameters: {"authenticity_token"=>"piD8UzyLPbWnJQJ+eNbZb5l7gegE3TgMzLcoFiZnXzY=", "id"=>"17"}
  [1m[36mMovie Load (0.2ms)[0m  [1mSELECT "movies".* FROM "movies" WHERE "movies"."id" = ? LIMIT 1[0m  [["id", "17"]]
  [1m[35mSQL (73.5ms)[0m  DELETE FROM "movies" WHERE "movies"."id" = ?  [["id", 17]]
Redirected to http://localhost:3000/movies
Completed 302 Found in 250ms


Started GET "/movies" for 127.0.0.1 at 2013-08-21 13:11:35 +0100
  Processing by MoviesController#index as HTML
Redirected to http://localhost:3000/movies?ratings%5BG%5D=G&ratings%5BNC-17%5D=NC-17&ratings%5BPG%5D=PG&ratings%5BPG-13%5D=PG-13&ratings%5BR%5D=R&sort=title
Completed 302 Found in 1ms


Started GET "/movies?ratings%5BG%5D=G&ratings%5BNC-17%5D=NC-17&ratings%5BPG%5D=PG&ratings%5BPG-13%5D=PG-13&ratings%5BR%5D=R&sort=title" for 127.0.0.1 at 2013-08-21 13:11:35 +0100
  Processing by MoviesController#index as HTML
  Parameters: {"ratings"=>{"G"=>"G", "NC-17"=>"NC-17", "PG"=>"PG", "PG-13"=>"PG-13", "R"=>"R"}, "sort"=>"title"}
  [1m[36mMovie Load (0.8ms)[0m  [1mSELECT "movies".* FROM "movies" WHERE "movies"."rating" IN ('G', 'NC-17', 'PG', 'PG-13', 'R') ORDER BY title[0m
Rendered movies/index.html.haml within layouts/application (25.4ms)
Completed 200 OK in 37ms (Views: 34.3ms | ActiveRecord: 1.2ms)


Started GET "/assets/application.css?body=1" for 127.0.0.1 at 2013-08-21 13:11:35 +0100
Served asset /application.css - 304 Not Modified (0ms)


Started GET "/assets/application.js?body=1" for 127.0.0.1 at 2013-08-21 13:11:35 +0100
Served asset /application.js - 304 Not Modified (0ms)


Started GET "/assets/jquery_ujs.js?body=1" for 127.0.0.1 at 2013-08-21 13:11:35 +0100
Served asset /jquery_ujs.js - 304 Not Modified (0ms)


Started GET "/assets/jquery.js?body=1" for 127.0.0.1 at 2013-08-21 13:11:35 +0100
Served asset /jquery.js - 304 Not Modified (0ms)


Started GET "/movies/11" for 127.0.0.1 at 2013-08-21 13:11:38 +0100
  Processing by MoviesController#show as HTML
  Parameters: {"id"=>"11"}
  [1m[35mMovie Load (0.2ms)[0m  SELECT "movies".* FROM "movies" WHERE "movies"."id" = ? LIMIT 1  [["id", "11"]]
Rendered movies/show.html.haml within layouts/application (8.4ms)
Completed 200 OK in 15ms (Views: 13.5ms | ActiveRecord: 0.5ms)


Started GET "/assets/application.css?body=1" for 127.0.0.1 at 2013-08-21 13:11:39 +0100
Served asset /application.css - 304 Not Modified (0ms)


Started GET "/assets/application.js?body=1" for 127.0.0.1 at 2013-08-21 13:11:39 +0100
Served asset /application.js - 304 Not Modified (0ms)


Started GET "/assets/jquery_ujs.js?body=1" for 127.0.0.1 at 2013-08-21 13:11:39 +0100
Served asset /jquery_ujs.js - 304 Not Modified (0ms)


Started GET "/assets/jquery.js?body=1" for 127.0.0.1 at 2013-08-21 13:11:39 +0100
Served asset /jquery.js - 304 Not Modified (0ms)


Started DELETE "/movies/11" for 127.0.0.1 at 2013-08-21 13:11:41 +0100
  Processing by MoviesController#destroy as HTML
  Parameters: {"authenticity_token"=>"piD8UzyLPbWnJQJ+eNbZb5l7gegE3TgMzLcoFiZnXzY=", "id"=>"11"}
  [1m[36mMovie Load (0.1ms)[0m  [1mSELECT "movies".* FROM "movies" WHERE "movies"."id" = ? LIMIT 1[0m  [["id", "11"]]
  [1m[35mSQL (0.2ms)[0m  DELETE FROM "movies" WHERE "movies"."id" = ?  [["id", 11]]
Redirected to http://localhost:3000/movies
Completed 302 Found in 185ms


Started GET "/movies" for 127.0.0.1 at 2013-08-21 13:11:41 +0100
  Processing by MoviesController#index as HTML
Redirected to http://localhost:3000/movies?ratings%5BG%5D=G&ratings%5BNC-17%5D=NC-17&ratings%5BPG%5D=PG&ratings%5BPG-13%5D=PG-13&ratings%5BR%5D=R&sort=title
Completed 302 Found in 1ms


Started GET "/movies?ratings%5BG%5D=G&ratings%5BNC-17%5D=NC-17&ratings%5BPG%5D=PG&ratings%5BPG-13%5D=PG-13&ratings%5BR%5D=R&sort=title" for 127.0.0.1 at 2013-08-21 13:11:41 +0100
  Processing by MoviesController#index as HTML
  Parameters: {"ratings"=>{"G"=>"G", "NC-17"=>"NC-17", "PG"=>"PG", "PG-13"=>"PG-13", "R"=>"R"}, "sort"=>"title"}
  [1m[36mMovie Load (0.3ms)[0m  [1mSELECT "movies".* FROM "movies" WHERE "movies"."rating" IN ('G', 'NC-17', 'PG', 'PG-13', 'R') ORDER BY title[0m
Rendered movies/index.html.haml within layouts/application (19.9ms)
Completed 200 OK in 27ms (Views: 24.4ms | ActiveRecord: 0.7ms)


Started GET "/assets/application.css?body=1" for 127.0.0.1 at 2013-08-21 13:11:42 +0100
Served asset /application.css - 304 Not Modified (0ms)


Started GET "/assets/application.js?body=1" for 127.0.0.1 at 2013-08-21 13:11:42 +0100
Served asset /application.js - 304 Not Modified (1ms)


Started GET "/assets/jquery_ujs.js?body=1" for 127.0.0.1 at 2013-08-21 13:11:42 +0100
Served asset /jquery_ujs.js - 304 Not Modified (0ms)


Started GET "/assets/jquery.js?body=1" for 127.0.0.1 at 2013-08-21 13:11:42 +0100
Served asset /jquery.js - 304 Not Modified (0ms)


Started GET "/movies/16" for 127.0.0.1 at 2013-08-21 13:11:44 +0100
  Processing by MoviesController#show as HTML
  Parameters: {"id"=>"16"}
  [1m[35mMovie Load (0.1ms)[0m  SELECT "movies".* FROM "movies" WHERE "movies"."id" = ? LIMIT 1  [["id", "16"]]
Rendered movies/show.html.haml within layouts/application (8.9ms)
Completed 200 OK in 16ms (Views: 13.5ms | ActiveRecord: 0.5ms)


Started GET "/assets/application.css?body=1" for 127.0.0.1 at 2013-08-21 13:11:44 +0100
Served asset /application.css - 304 Not Modified (0ms)


Started GET "/assets/application.js?body=1" for 127.0.0.1 at 2013-08-21 13:11:44 +0100
Served asset /application.js - 304 Not Modified (0ms)


Started GET "/assets/jquery_ujs.js?body=1" for 127.0.0.1 at 2013-08-21 13:11:44 +0100
Served asset /jquery_ujs.js - 304 Not Modified (0ms)


Started GET "/assets/jquery.js?body=1" for 127.0.0.1 at 2013-08-21 13:11:44 +0100
Served asset /jquery.js - 304 Not Modified (0ms)


Started DELETE "/movies/16" for 127.0.0.1 at 2013-08-21 13:11:47 +0100
  Processing by MoviesController#destroy as HTML
  Parameters: {"authenticity_token"=>"piD8UzyLPbWnJQJ+eNbZb5l7gegE3TgMzLcoFiZnXzY=", "id"=>"16"}
  [1m[36mMovie Load (0.2ms)[0m  [1mSELECT "movies".* FROM "movies" WHERE "movies"."id" = ? LIMIT 1[0m  [["id", "16"]]
  [1m[35mSQL (0.2ms)[0m  DELETE FROM "movies" WHERE "movies"."id" = ?  [["id", 16]]
Redirected to http://localhost:3000/movies
Completed 302 Found in 261ms


Started GET "/movies" for 127.0.0.1 at 2013-08-21 13:11:47 +0100
  Processing by MoviesController#index as HTML
Redirected to http://localhost:3000/movies?ratings%5BG%5D=G&ratings%5BNC-17%5D=NC-17&ratings%5BPG%5D=PG&ratings%5BPG-13%5D=PG-13&ratings%5BR%5D=R&sort=title
Completed 302 Found in 1ms


Started GET "/movies?ratings%5BG%5D=G&ratings%5BNC-17%5D=NC-17&ratings%5BPG%5D=PG&ratings%5BPG-13%5D=PG-13&ratings%5BR%5D=R&sort=title" for 127.0.0.1 at 2013-08-21 13:11:47 +0100
  Processing by MoviesController#index as HTML
  Parameters: {"ratings"=>{"G"=>"G", "NC-17"=>"NC-17", "PG"=>"PG", "PG-13"=>"PG-13", "R"=>"R"}, "sort"=>"title"}
  [1m[36mMovie Load (0.3ms)[0m  [1mSELECT "movies".* FROM "movies" WHERE "movies"."rating" IN ('G', 'NC-17', 'PG', 'PG-13', 'R') ORDER BY title[0m
Rendered movies/index.html.haml within layouts/application (22.9ms)
Completed 200 OK in 33ms (Views: 29.1ms | ActiveRecord: 0.5ms)


Started GET "/assets/application.css?body=1" for 127.0.0.1 at 2013-08-21 13:11:47 +0100
Served asset /application.css - 304 Not Modified (0ms)


Started GET "/assets/jquery.js?body=1" for 127.0.0.1 at 2013-08-21 13:11:47 +0100
Served asset /jquery.js - 304 Not Modified (0ms)


Started GET "/assets/jquery_ujs.js?body=1" for 127.0.0.1 at 2013-08-21 13:11:47 +0100
Served asset /jquery_ujs.js - 304 Not Modified (0ms)


Started GET "/assets/application.js?body=1" for 127.0.0.1 at 2013-08-21 13:11:47 +0100
Served asset /application.js - 304 Not Modified (0ms)


Started GET "/movies/20" for 127.0.0.1 at 2013-08-21 13:11:49 +0100
  Processing by MoviesController#show as HTML
  Parameters: {"id"=>"20"}
  [1m[35mMovie Load (0.1ms)[0m  SELECT "movies".* FROM "movies" WHERE "movies"."id" = ? LIMIT 1  [["id", "20"]]
Rendered movies/show.html.haml within layouts/application (9.4ms)
Completed 200 OK in 15ms (Views: 13.7ms | ActiveRecord: 0.4ms)


Started GET "/assets/application.css?body=1" for 127.0.0.1 at 2013-08-21 13:11:49 +0100
Served asset /application.css - 304 Not Modified (0ms)


Started GET "/assets/application.js?body=1" for 127.0.0.1 at 2013-08-21 13:11:49 +0100
Served asset /application.js - 304 Not Modified (0ms)


Started GET "/assets/jquery_ujs.js?body=1" for 127.0.0.1 at 2013-08-21 13:11:49 +0100
Served asset /jquery_ujs.js - 304 Not Modified (0ms)


Started GET "/assets/jquery.js?body=1" for 127.0.0.1 at 2013-08-21 13:11:49 +0100
Served asset /jquery.js - 304 Not Modified (0ms)


Started DELETE "/movies/20" for 127.0.0.1 at 2013-08-21 13:11:51 +0100
  Processing by MoviesController#destroy as HTML
  Parameters: {"authenticity_token"=>"piD8UzyLPbWnJQJ+eNbZb5l7gegE3TgMzLcoFiZnXzY=", "id"=>"20"}
  [1m[36mMovie Load (0.1ms)[0m  [1mSELECT "movies".* FROM "movies" WHERE "movies"."id" = ? LIMIT 1[0m  [["id", "20"]]
  [1m[35mSQL (0.3ms)[0m  DELETE FROM "movies" WHERE "movies"."id" = ?  [["id", 20]]
Redirected to http://localhost:3000/movies
Completed 302 Found in 113ms


Started GET "/movies" for 127.0.0.1 at 2013-08-21 13:11:52 +0100
  Processing by MoviesController#index as HTML
Redirected to http://localhost:3000/movies?ratings%5BG%5D=G&ratings%5BNC-17%5D=NC-17&ratings%5BPG%5D=PG&ratings%5BPG-13%5D=PG-13&ratings%5BR%5D=R&sort=title
Completed 302 Found in 1ms


Started GET "/movies?ratings%5BG%5D=G&ratings%5BNC-17%5D=NC-17&ratings%5BPG%5D=PG&ratings%5BPG-13%5D=PG-13&ratings%5BR%5D=R&sort=title" for 127.0.0.1 at 2013-08-21 13:11:52 +0100
  Processing by MoviesController#index as HTML
  Parameters: {"ratings"=>{"G"=>"G", "NC-17"=>"NC-17", "PG"=>"PG", "PG-13"=>"PG-13", "R"=>"R"}, "sort"=>"title"}
  [1m[36mMovie Load (0.1ms)[0m  [1mSELECT "movies".* FROM "movies" WHERE "movies"."rating" IN ('G', 'NC-17', 'PG', 'PG-13', 'R') ORDER BY title[0m
Rendered movies/index.html.haml within layouts/application (52.1ms)
Completed 200 OK in 59ms (Views: 56.7ms | ActiveRecord: 0.4ms)


Started GET "/assets/application.css?body=1" for 127.0.0.1 at 2013-08-21 13:11:52 +0100
Served asset /application.css - 304 Not Modified (0ms)


Started GET "/assets/application.js?body=1" for 127.0.0.1 at 2013-08-21 13:11:52 +0100
Served asset /application.js - 304 Not Modified (0ms)


Started GET "/assets/jquery_ujs.js?body=1" for 127.0.0.1 at 2013-08-21 13:11:52 +0100
Served asset /jquery_ujs.js - 304 Not Modified (0ms)


Started GET "/assets/jquery.js?body=1" for 127.0.0.1 at 2013-08-21 13:11:52 +0100
Served asset /jquery.js - 304 Not Modified (0ms)


Started GET "/movies/15" for 127.0.0.1 at 2013-08-21 13:11:54 +0100
  Processing by MoviesController#show as HTML
  Parameters: {"id"=>"15"}
  [1m[35mMovie Load (0.2ms)[0m  SELECT "movies".* FROM "movies" WHERE "movies"."id" = ? LIMIT 1  [["id", "15"]]
Rendered movies/show.html.haml within layouts/application (8.3ms)
Completed 200 OK in 16ms (Views: 14.2ms | ActiveRecord: 0.6ms)


Started GET "/assets/application.css?body=1" for 127.0.0.1 at 2013-08-21 13:11:54 +0100
Served asset /application.css - 304 Not Modified (0ms)


Started GET "/assets/application.js?body=1" for 127.0.0.1 at 2013-08-21 13:11:54 +0100
Served asset /application.js - 304 Not Modified (0ms)


Started GET "/assets/jquery_ujs.js?body=1" for 127.0.0.1 at 2013-08-21 13:11:54 +0100
Served asset /jquery_ujs.js - 304 Not Modified (0ms)


Started GET "/assets/jquery.js?body=1" for 127.0.0.1 at 2013-08-21 13:11:54 +0100
Served asset /jquery.js - 304 Not Modified (0ms)


Started DELETE "/movies/15" for 127.0.0.1 at 2013-08-21 13:11:56 +0100
  Processing by MoviesController#destroy as HTML
  Parameters: {"authenticity_token"=>"piD8UzyLPbWnJQJ+eNbZb5l7gegE3TgMzLcoFiZnXzY=", "id"=>"15"}
  [1m[36mMovie Load (0.2ms)[0m  [1mSELECT "movies".* FROM "movies" WHERE "movies"."id" = ? LIMIT 1[0m  [["id", "15"]]
  [1m[35mSQL (0.2ms)[0m  DELETE FROM "movies" WHERE "movies"."id" = ?  [["id", 15]]
Redirected to http://localhost:3000/movies
Completed 302 Found in 116ms


Started GET "/movies" for 127.0.0.1 at 2013-08-21 13:11:57 +0100
  Processing by MoviesController#index as HTML
Redirected to http://localhost:3000/movies?ratings%5BG%5D=G&ratings%5BNC-17%5D=NC-17&ratings%5BPG%5D=PG&ratings%5BPG-13%5D=PG-13&ratings%5BR%5D=R&sort=title
Completed 302 Found in 1ms


Started GET "/movies?ratings%5BG%5D=G&ratings%5BNC-17%5D=NC-17&ratings%5BPG%5D=PG&ratings%5BPG-13%5D=PG-13&ratings%5BR%5D=R&sort=title" for 127.0.0.1 at 2013-08-21 13:11:57 +0100
  Processing by MoviesController#index as HTML
  Parameters: {"ratings"=>{"G"=>"G", "NC-17"=>"NC-17", "PG"=>"PG", "PG-13"=>"PG-13", "R"=>"R"}, "sort"=>"title"}
  [1m[36mMovie Load (0.8ms)[0m  [1mSELECT "movies".* FROM "movies" WHERE "movies"."rating" IN ('G', 'NC-17', 'PG', 'PG-13', 'R') ORDER BY title[0m
Rendered movies/index.html.haml within layouts/application (17.5ms)
Completed 200 OK in 27ms (Views: 22.8ms | ActiveRecord: 1.1ms)


Started GET "/assets/application.css?body=1" for 127.0.0.1 at 2013-08-21 13:11:57 +0100
Served asset /application.css - 304 Not Modified (0ms)


Started GET "/assets/application.js?body=1" for 127.0.0.1 at 2013-08-21 13:11:57 +0100
Served asset /application.js - 304 Not Modified (0ms)


Started GET "/assets/jquery_ujs.js?body=1" for 127.0.0.1 at 2013-08-21 13:11:57 +0100
Served asset /jquery_ujs.js - 304 Not Modified (0ms)


Started GET "/assets/jquery.js?body=1" for 127.0.0.1 at 2013-08-21 13:11:57 +0100
Served asset /jquery.js - 304 Not Modified (0ms)


Started GET "/movies/19" for 127.0.0.1 at 2013-08-21 13:11:59 +0100
  Processing by MoviesController#show as HTML
  Parameters: {"id"=>"19"}
  [1m[35mMovie Load (0.1ms)[0m  SELECT "movies".* FROM "movies" WHERE "movies"."id" = ? LIMIT 1  [["id", "19"]]
Rendered movies/show.html.haml within layouts/application (9.2ms)
Completed 200 OK in 15ms (Views: 13.4ms | ActiveRecord: 0.5ms)


Started GET "/assets/application.css?body=1" for 127.0.0.1 at 2013-08-21 13:11:59 +0100
Served asset /application.css - 304 Not Modified (0ms)


Started GET "/assets/application.js?body=1" for 127.0.0.1 at 2013-08-21 13:11:59 +0100
Served asset /application.js - 304 Not Modified (0ms)


Started GET "/assets/jquery_ujs.js?body=1" for 127.0.0.1 at 2013-08-21 13:11:59 +0100
Served asset /jquery_ujs.js - 304 Not Modified (0ms)


Started GET "/assets/jquery.js?body=1" for 127.0.0.1 at 2013-08-21 13:11:59 +0100
Served asset /jquery.js - 304 Not Modified (0ms)


Started DELETE "/movies/19" for 127.0.0.1 at 2013-08-21 13:12:01 +0100
  Processing by MoviesController#destroy as HTML
  Parameters: {"authenticity_token"=>"piD8UzyLPbWnJQJ+eNbZb5l7gegE3TgMzLcoFiZnXzY=", "id"=>"19"}
  [1m[36mMovie Load (0.2ms)[0m  [1mSELECT "movies".* FROM "movies" WHERE "movies"."id" = ? LIMIT 1[0m  [["id", "19"]]
  [1m[35mSQL (0.2ms)[0m  DELETE FROM "movies" WHERE "movies"."id" = ?  [["id", 19]]
Redirected to http://localhost:3000/movies
Completed 302 Found in 60ms


Started GET "/movies" for 127.0.0.1 at 2013-08-21 13:12:01 +0100
  Processing by MoviesController#index as HTML
Redirected to http://localhost:3000/movies?ratings%5BG%5D=G&ratings%5BNC-17%5D=NC-17&ratings%5BPG%5D=PG&ratings%5BPG-13%5D=PG-13&ratings%5BR%5D=R&sort=title
Completed 302 Found in 1ms


Started GET "/movies?ratings%5BG%5D=G&ratings%5BNC-17%5D=NC-17&ratings%5BPG%5D=PG&ratings%5BPG-13%5D=PG-13&ratings%5BR%5D=R&sort=title" for 127.0.0.1 at 2013-08-21 13:12:01 +0100
  Processing by MoviesController#index as HTML
  Parameters: {"ratings"=>{"G"=>"G", "NC-17"=>"NC-17", "PG"=>"PG", "PG-13"=>"PG-13", "R"=>"R"}, "sort"=>"title"}
  [1m[36mMovie Load (0.3ms)[0m  [1mSELECT "movies".* FROM "movies" WHERE "movies"."rating" IN ('G', 'NC-17', 'PG', 'PG-13', 'R') ORDER BY title[0m
Rendered movies/index.html.haml within layouts/application (18.1ms)
Completed 200 OK in 25ms (Views: 22.8ms | ActiveRecord: 0.5ms)


Started GET "/assets/application.css?body=1" for 127.0.0.1 at 2013-08-21 13:12:01 +0100
Served asset /application.css - 304 Not Modified (0ms)


Started GET "/assets/application.js?body=1" for 127.0.0.1 at 2013-08-21 13:12:01 +0100
Served asset /application.js - 304 Not Modified (0ms)


Started GET "/assets/jquery.js?body=1" for 127.0.0.1 at 2013-08-21 13:12:01 +0100
Served asset /jquery.js - 304 Not Modified (0ms)


Started GET "/assets/jquery_ujs.js?body=1" for 127.0.0.1 at 2013-08-21 13:12:01 +0100
Served asset /jquery_ujs.js - 304 Not Modified (0ms)


Started GET "/movies/4" for 127.0.0.1 at 2013-08-21 13:12:03 +0100
  Processing by MoviesController#show as HTML
  Parameters: {"id"=>"4"}
  [1m[35mMovie Load (0.2ms)[0m  SELECT "movies".* FROM "movies" WHERE "movies"."id" = ? LIMIT 1  [["id", "4"]]
Rendered movies/show.html.haml within layouts/application (9.4ms)
Completed 200 OK in 18ms (Views: 15.4ms | ActiveRecord: 0.6ms)


Started GET "/assets/application.css?body=1" for 127.0.0.1 at 2013-08-21 13:12:03 +0100
Served asset /application.css - 304 Not Modified (0ms)


Started GET "/assets/application.js?body=1" for 127.0.0.1 at 2013-08-21 13:12:03 +0100
Served asset /application.js - 304 Not Modified (0ms)


Started GET "/assets/jquery_ujs.js?body=1" for 127.0.0.1 at 2013-08-21 13:12:03 +0100
Served asset /jquery_ujs.js - 304 Not Modified (0ms)


Started GET "/assets/jquery.js?body=1" for 127.0.0.1 at 2013-08-21 13:12:03 +0100
Served asset /jquery.js - 304 Not Modified (0ms)


Started DELETE "/movies/4" for 127.0.0.1 at 2013-08-21 13:12:04 +0100
  Processing by MoviesController#destroy as HTML
  Parameters: {"authenticity_token"=>"piD8UzyLPbWnJQJ+eNbZb5l7gegE3TgMzLcoFiZnXzY=", "id"=>"4"}
  [1m[36mMovie Load (0.2ms)[0m  [1mSELECT "movies".* FROM "movies" WHERE "movies"."id" = ? LIMIT 1[0m  [["id", "4"]]
  [1m[35mSQL (0.2ms)[0m  DELETE FROM "movies" WHERE "movies"."id" = ?  [["id", 4]]
Redirected to http://localhost:3000/movies
Completed 302 Found in 67ms


Started GET "/movies" for 127.0.0.1 at 2013-08-21 13:12:04 +0100
  Processing by MoviesController#index as HTML
Redirected to http://localhost:3000/movies?ratings%5BG%5D=G&ratings%5BNC-17%5D=NC-17&ratings%5BPG%5D=PG&ratings%5BPG-13%5D=PG-13&ratings%5BR%5D=R&sort=title
Completed 302 Found in 1ms


Started GET "/movies?ratings%5BG%5D=G&ratings%5BNC-17%5D=NC-17&ratings%5BPG%5D=PG&ratings%5BPG-13%5D=PG-13&ratings%5BR%5D=R&sort=title" for 127.0.0.1 at 2013-08-21 13:12:04 +0100
  Processing by MoviesController#index as HTML
  Parameters: {"ratings"=>{"G"=>"G", "NC-17"=>"NC-17", "PG"=>"PG", "PG-13"=>"PG-13", "R"=>"R"}, "sort"=>"title"}
  [1m[36mMovie Load (0.3ms)[0m  [1mSELECT "movies".* FROM "movies" WHERE "movies"."rating" IN ('G', 'NC-17', 'PG', 'PG-13', 'R') ORDER BY title[0m
Rendered movies/index.html.haml within layouts/application (15.7ms)
Completed 200 OK in 23ms (Views: 20.4ms | ActiveRecord: 0.7ms)


Started GET "/assets/application.css?body=1" for 127.0.0.1 at 2013-08-21 13:12:04 +0100
Served asset /application.css - 304 Not Modified (0ms)


Started GET "/assets/application.js?body=1" for 127.0.0.1 at 2013-08-21 13:12:05 +0100
Served asset /application.js - 304 Not Modified (0ms)


Started GET "/assets/jquery_ujs.js?body=1" for 127.0.0.1 at 2013-08-21 13:12:05 +0100
Served asset /jquery_ujs.js - 304 Not Modified (0ms)


Started GET "/assets/jquery.js?body=1" for 127.0.0.1 at 2013-08-21 13:12:05 +0100
Served asset /jquery.js - 304 Not Modified (0ms)


Started GET "/movies/8" for 127.0.0.1 at 2013-08-21 13:12:06 +0100
  Processing by MoviesController#show as HTML
  Parameters: {"id"=>"8"}
  [1m[35mMovie Load (0.1ms)[0m  SELECT "movies".* FROM "movies" WHERE "movies"."id" = ? LIMIT 1  [["id", "8"]]
Rendered movies/show.html.haml within layouts/application (8.5ms)
Completed 200 OK in 15ms (Views: 13.3ms | ActiveRecord: 0.5ms)


Started GET "/assets/application.css?body=1" for 127.0.0.1 at 2013-08-21 13:12:07 +0100
Served asset /application.css - 304 Not Modified (0ms)


Started GET "/assets/application.js?body=1" for 127.0.0.1 at 2013-08-21 13:12:07 +0100
Served asset /application.js - 304 Not Modified (0ms)


Started GET "/assets/jquery_ujs.js?body=1" for 127.0.0.1 at 2013-08-21 13:12:07 +0100
Served asset /jquery_ujs.js - 304 Not Modified (0ms)


Started GET "/assets/jquery.js?body=1" for 127.0.0.1 at 2013-08-21 13:12:07 +0100
Served asset /jquery.js - 304 Not Modified (0ms)


Started DELETE "/movies/8" for 127.0.0.1 at 2013-08-21 13:12:08 +0100
  Processing by MoviesController#destroy as HTML
  Parameters: {"authenticity_token"=>"piD8UzyLPbWnJQJ+eNbZb5l7gegE3TgMzLcoFiZnXzY=", "id"=>"8"}
  [1m[36mMovie Load (0.2ms)[0m  [1mSELECT "movies".* FROM "movies" WHERE "movies"."id" = ? LIMIT 1[0m  [["id", "8"]]
  [1m[35mSQL (0.3ms)[0m  DELETE FROM "movies" WHERE "movies"."id" = ?  [["id", 8]]
Redirected to http://localhost:3000/movies
Completed 302 Found in 115ms


Started GET "/movies" for 127.0.0.1 at 2013-08-21 13:12:08 +0100
  Processing by MoviesController#index as HTML
Redirected to http://localhost:3000/movies?ratings%5BG%5D=G&ratings%5BNC-17%5D=NC-17&ratings%5BPG%5D=PG&ratings%5BPG-13%5D=PG-13&ratings%5BR%5D=R&sort=title
Completed 302 Found in 1ms


Started GET "/movies?ratings%5BG%5D=G&ratings%5BNC-17%5D=NC-17&ratings%5BPG%5D=PG&ratings%5BPG-13%5D=PG-13&ratings%5BR%5D=R&sort=title" for 127.0.0.1 at 2013-08-21 13:12:08 +0100
  Processing by MoviesController#index as HTML
  Parameters: {"ratings"=>{"G"=>"G", "NC-17"=>"NC-17", "PG"=>"PG", "PG-13"=>"PG-13", "R"=>"R"}, "sort"=>"title"}
  [1m[36mMovie Load (0.6ms)[0m  [1mSELECT "movies".* FROM "movies" WHERE "movies"."rating" IN ('G', 'NC-17', 'PG', 'PG-13', 'R') ORDER BY title[0m
Rendered movies/index.html.haml within layouts/application (19.5ms)
Completed 200 OK in 30ms (Views: 27.6ms | ActiveRecord: 0.9ms)


Started GET "/assets/application.css?body=1" for 127.0.0.1 at 2013-08-21 13:12:08 +0100
Served asset /application.css - 304 Not Modified (0ms)


Started GET "/assets/jquery.js?body=1" for 127.0.0.1 at 2013-08-21 13:12:08 +0100
Served asset /jquery.js - 304 Not Modified (0ms)


Started GET "/assets/application.js?body=1" for 127.0.0.1 at 2013-08-21 13:12:08 +0100
Served asset /application.js - 304 Not Modified (0ms)


Started GET "/assets/jquery_ujs.js?body=1" for 127.0.0.1 at 2013-08-21 13:12:08 +0100
Served asset /jquery_ujs.js - 304 Not Modified (0ms)


Started GET "/movies/12" for 127.0.0.1 at 2013-08-21 13:12:10 +0100
  Processing by MoviesController#show as HTML
  Parameters: {"id"=>"12"}
  [1m[35mMovie Load (0.1ms)[0m  SELECT "movies".* FROM "movies" WHERE "movies"."id" = ? LIMIT 1  [["id", "12"]]
Rendered movies/show.html.haml within layouts/application (9.4ms)
Completed 200 OK in 16ms (Views: 13.6ms | ActiveRecord: 0.5ms)


Started GET "/assets/application.css?body=1" for 127.0.0.1 at 2013-08-21 13:12:11 +0100
Served asset /application.css - 304 Not Modified (0ms)


Started GET "/assets/application.js?body=1" for 127.0.0.1 at 2013-08-21 13:12:11 +0100
Served asset /application.js - 304 Not Modified (0ms)


Started GET "/assets/jquery_ujs.js?body=1" for 127.0.0.1 at 2013-08-21 13:12:11 +0100
Served asset /jquery_ujs.js - 304 Not Modified (0ms)


Started GET "/assets/jquery.js?body=1" for 127.0.0.1 at 2013-08-21 13:12:11 +0100
Served asset /jquery.js - 304 Not Modified (0ms)


Started DELETE "/movies/12" for 127.0.0.1 at 2013-08-21 13:12:12 +0100
  Processing by MoviesController#destroy as HTML
  Parameters: {"authenticity_token"=>"piD8UzyLPbWnJQJ+eNbZb5l7gegE3TgMzLcoFiZnXzY=", "id"=>"12"}
  [1m[36mMovie Load (0.2ms)[0m  [1mSELECT "movies".* FROM "movies" WHERE "movies"."id" = ? LIMIT 1[0m  [["id", "12"]]
  [1m[35mSQL (0.1ms)[0m  DELETE FROM "movies" WHERE "movies"."id" = ?  [["id", 12]]
Redirected to http://localhost:3000/movies
Completed 302 Found in 103ms


Started GET "/movies" for 127.0.0.1 at 2013-08-21 13:12:12 +0100
  Processing by MoviesController#index as HTML
Redirected to http://localhost:3000/movies?ratings%5BG%5D=G&ratings%5BNC-17%5D=NC-17&ratings%5BPG%5D=PG&ratings%5BPG-13%5D=PG-13&ratings%5BR%5D=R&sort=title
Completed 302 Found in 1ms


Started GET "/movies?ratings%5BG%5D=G&ratings%5BNC-17%5D=NC-17&ratings%5BPG%5D=PG&ratings%5BPG-13%5D=PG-13&ratings%5BR%5D=R&sort=title" for 127.0.0.1 at 2013-08-21 13:12:12 +0100
  Processing by MoviesController#index as HTML
  Parameters: {"ratings"=>{"G"=>"G", "NC-17"=>"NC-17", "PG"=>"PG", "PG-13"=>"PG-13", "R"=>"R"}, "sort"=>"title"}
  [1m[36mMovie Load (0.3ms)[0m  [1mSELECT "movies".* FROM "movies" WHERE "movies"."rating" IN ('G', 'NC-17', 'PG', 'PG-13', 'R') ORDER BY title[0m
Rendered movies/index.html.haml within layouts/application (66.5ms)
Completed 200 OK in 73ms (Views: 70.9ms | ActiveRecord: 0.6ms)


Started GET "/assets/application.css?body=1" for 127.0.0.1 at 2013-08-21 13:12:12 +0100
Served asset /application.css - 304 Not Modified (0ms)


Started GET "/assets/jquery.js?body=1" for 127.0.0.1 at 2013-08-21 13:12:12 +0100
Served asset /jquery.js - 304 Not Modified (0ms)


Started GET "/assets/application.js?body=1" for 127.0.0.1 at 2013-08-21 13:12:13 +0100
Served asset /application.js - 304 Not Modified (0ms)


Started GET "/assets/jquery_ujs.js?body=1" for 127.0.0.1 at 2013-08-21 13:12:13 +0100
Served asset /jquery_ujs.js - 304 Not Modified (0ms)


Started GET "/movies/3" for 127.0.0.1 at 2013-08-21 13:12:14 +0100
  Processing by MoviesController#show as HTML
  Parameters: {"id"=>"3"}
  [1m[35mMovie Load (0.2ms)[0m  SELECT "movies".* FROM "movies" WHERE "movies"."id" = ? LIMIT 1  [["id", "3"]]
Rendered movies/show.html.haml within layouts/application (9.1ms)
Completed 200 OK in 17ms (Views: 14.4ms | ActiveRecord: 0.6ms)


Started GET "/assets/application.css?body=1" for 127.0.0.1 at 2013-08-21 13:12:14 +0100
Served asset /application.css - 304 Not Modified (0ms)


Started GET "/assets/application.js?body=1" for 127.0.0.1 at 2013-08-21 13:12:14 +0100
Served asset /application.js - 304 Not Modified (0ms)


Started GET "/assets/jquery_ujs.js?body=1" for 127.0.0.1 at 2013-08-21 13:12:14 +0100
Served asset /jquery_ujs.js - 304 Not Modified (0ms)


Started GET "/assets/jquery.js?body=1" for 127.0.0.1 at 2013-08-21 13:12:14 +0100
Served asset /jquery.js - 304 Not Modified (0ms)


Started DELETE "/movies/3" for 127.0.0.1 at 2013-08-21 13:12:15 +0100
  Processing by MoviesController#destroy as HTML
  Parameters: {"authenticity_token"=>"piD8UzyLPbWnJQJ+eNbZb5l7gegE3TgMzLcoFiZnXzY=", "id"=>"3"}
  [1m[36mMovie Load (0.1ms)[0m  [1mSELECT "movies".* FROM "movies" WHERE "movies"."id" = ? LIMIT 1[0m  [["id", "3"]]
  [1m[35mSQL (0.2ms)[0m  DELETE FROM "movies" WHERE "movies"."id" = ?  [["id", 3]]
Redirected to http://localhost:3000/movies
Completed 302 Found in 128ms


Started GET "/movies" for 127.0.0.1 at 2013-08-21 13:12:16 +0100
  Processing by MoviesController#index as HTML
Redirected to http://localhost:3000/movies?ratings%5BG%5D=G&ratings%5BNC-17%5D=NC-17&ratings%5BPG%5D=PG&ratings%5BPG-13%5D=PG-13&ratings%5BR%5D=R&sort=title
Completed 302 Found in 1ms


Started GET "/movies?ratings%5BG%5D=G&ratings%5BNC-17%5D=NC-17&ratings%5BPG%5D=PG&ratings%5BPG-13%5D=PG-13&ratings%5BR%5D=R&sort=title" for 127.0.0.1 at 2013-08-21 13:12:16 +0100
  Processing by MoviesController#index as HTML
  Parameters: {"ratings"=>{"G"=>"G", "NC-17"=>"NC-17", "PG"=>"PG", "PG-13"=>"PG-13", "R"=>"R"}, "sort"=>"title"}
  [1m[36mMovie Load (0.3ms)[0m  [1mSELECT "movies".* FROM "movies" WHERE "movies"."rating" IN ('G', 'NC-17', 'PG', 'PG-13', 'R') ORDER BY title[0m
Rendered movies/index.html.haml within layouts/application (17.8ms)
Completed 200 OK in 25ms (Views: 22.5ms | ActiveRecord: 0.7ms)


Started GET "/assets/application.css?body=1" for 127.0.0.1 at 2013-08-21 13:12:16 +0100
Served asset /application.css - 304 Not Modified (0ms)


Started GET "/assets/jquery_ujs.js?body=1" for 127.0.0.1 at 2013-08-21 13:12:16 +0100
Served asset /jquery_ujs.js - 304 Not Modified (0ms)


Started GET "/assets/jquery.js?body=1" for 127.0.0.1 at 2013-08-21 13:12:16 +0100
Served asset /jquery.js - 304 Not Modified (0ms)


Started GET "/assets/application.js?body=1" for 127.0.0.1 at 2013-08-21 13:12:16 +0100
Served asset /application.js - 304 Not Modified (0ms)


Started GET "/" for 127.0.0.1 at 2013-08-21 13:15:58 +0100

ActionController::RoutingError (No route matches [GET] "/"):
  

Rendered /home/ubuntu/.rvm/gems/ruby-1.9.3-p448/gems/actionpack-3.1.0/lib/action_dispatch/middleware/templates/rescues/routing_error.erb within rescues/layout (3.5ms)


Started GET "/movies" for 127.0.0.1 at 2013-08-21 13:16:08 +0100
  Processing by MoviesController#index as HTML
  [1m[36mMovie Load (0.3ms)[0m  [1mSELECT "movies".* FROM "movies" WHERE "movies"."rating" IN ('G', 'PG', 'PG-13', 'NC-17', 'R')[0m
Rendered movies/index.html.haml within layouts/application (20.6ms)
Completed 200 OK in 64ms (Views: 34.3ms | ActiveRecord: 0.3ms)


Started GET "/assets/application.css?body=1" for 127.0.0.1 at 2013-08-21 13:16:08 +0100
Served asset /application.css - 304 Not Modified (0ms)


Started GET "/assets/application.js?body=1" for 127.0.0.1 at 2013-08-21 13:16:08 +0100
Served asset /application.js - 304 Not Modified (0ms)


Started GET "/assets/jquery_ujs.js?body=1" for 127.0.0.1 at 2013-08-21 13:16:08 +0100
Served asset /jquery_ujs.js - 304 Not Modified (1ms)


Started GET "/assets/jquery.js?body=1" for 127.0.0.1 at 2013-08-21 13:16:08 +0100
Served asset /jquery.js - 304 Not Modified (1ms)


Started GET "/movies?ratings%5BG%5D=G&ratings%5BNC-17%5D=NC-17&ratings%5BPG%5D=PG&ratings%5BPG-13%5D=PG-13&ratings%5BR%5D=R&sort=title" for 127.0.0.1 at 2013-08-21 13:16:12 +0100
  Processing by MoviesController#index as HTML
  Parameters: {"ratings"=>{"G"=>"G", "NC-17"=>"NC-17", "PG"=>"PG", "PG-13"=>"PG-13", "R"=>"R"}, "sort"=>"title"}
Redirected to http://localhost:3000/movies?ratings%5BG%5D=G&ratings%5BNC-17%5D=NC-17&ratings%5BPG%5D=PG&ratings%5BPG-13%5D=PG-13&ratings%5BR%5D=R&sort=title
Completed 302 Found in 1ms


Started GET "/movies?ratings%5BG%5D=G&ratings%5BNC-17%5D=NC-17&ratings%5BPG%5D=PG&ratings%5BPG-13%5D=PG-13&ratings%5BR%5D=R&sort=title" for 127.0.0.1 at 2013-08-21 13:16:12 +0100
  Processing by MoviesController#index as HTML
  Parameters: {"ratings"=>{"G"=>"G", "NC-17"=>"NC-17", "PG"=>"PG", "PG-13"=>"PG-13", "R"=>"R"}, "sort"=>"title"}
Redirected to http://localhost:3000/movies?ratings%5BG%5D=G&ratings%5BNC-17%5D=NC-17&ratings%5BPG%5D=PG&ratings%5BPG-13%5D=PG-13&ratings%5BR%5D=R&sort=title
Completed 302 Found in 1ms


Started GET "/movies?ratings%5BG%5D=G&ratings%5BNC-17%5D=NC-17&ratings%5BPG%5D=PG&ratings%5BPG-13%5D=PG-13&ratings%5BR%5D=R&sort=title" for 127.0.0.1 at 2013-08-21 13:16:12 +0100
  Processing by MoviesController#index as HTML
  Parameters: {"ratings"=>{"G"=>"G", "NC-17"=>"NC-17", "PG"=>"PG", "PG-13"=>"PG-13", "R"=>"R"}, "sort"=>"title"}
  [1m[35mMovie Load (0.3ms)[0m  SELECT "movies".* FROM "movies" WHERE "movies"."rating" IN ('G', 'NC-17', 'PG', 'PG-13', 'R') ORDER BY title
Rendered movies/index.html.haml within layouts/application (14.5ms)
Completed 200 OK in 25ms (Views: 21.9ms | ActiveRecord: 0.7ms)


Started GET "/assets/application.css?body=1" for 127.0.0.1 at 2013-08-21 13:16:12 +0100
Served asset /application.css - 304 Not Modified (0ms)


Started GET "/assets/application.js?body=1" for 127.0.0.1 at 2013-08-21 13:16:12 +0100
Served asset /application.js - 304 Not Modified (0ms)


Started GET "/assets/jquery_ujs.js?body=1" for 127.0.0.1 at 2013-08-21 13:16:12 +0100
Served asset /jquery_ujs.js - 304 Not Modified (0ms)


Started GET "/assets/jquery.js?body=1" for 127.0.0.1 at 2013-08-21 13:16:12 +0100
Served asset /jquery.js - 304 Not Modified (0ms)


Started GET "/movies?ratings%5BG%5D=G&ratings%5BNC-17%5D=NC-17&ratings%5BPG%5D=PG&ratings%5BPG-13%5D=PG-13&ratings%5BR%5D=R&sort=release_date" for 127.0.0.1 at 2013-08-21 13:16:21 +0100
  Processing by MoviesController#index as HTML
  Parameters: {"ratings"=>{"G"=>"G", "NC-17"=>"NC-17", "PG"=>"PG", "PG-13"=>"PG-13", "R"=>"R"}, "sort"=>"release_date"}
Redirected to http://localhost:3000/movies?ratings%5BG%5D=G&ratings%5BNC-17%5D=NC-17&ratings%5BPG%5D=PG&ratings%5BPG-13%5D=PG-13&ratings%5BR%5D=R&sort=release_date
Completed 302 Found in 1ms


Started GET "/movies?ratings%5BG%5D=G&ratings%5BNC-17%5D=NC-17&ratings%5BPG%5D=PG&ratings%5BPG-13%5D=PG-13&ratings%5BR%5D=R&sort=release_date" for 127.0.0.1 at 2013-08-21 13:16:21 +0100
  Processing by MoviesController#index as HTML
  Parameters: {"ratings"=>{"G"=>"G", "NC-17"=>"NC-17", "PG"=>"PG", "PG-13"=>"PG-13", "R"=>"R"}, "sort"=>"release_date"}
  [1m[36mMovie Load (0.3ms)[0m  [1mSELECT "movies".* FROM "movies" WHERE "movies"."rating" IN ('G', 'NC-17', 'PG', 'PG-13', 'R') ORDER BY release_date[0m
Rendered movies/index.html.haml within layouts/application (23.2ms)
Completed 200 OK in 30ms (Views: 27.5ms | ActiveRecord: 0.6ms)


Started GET "/assets/application.css?body=1" for 127.0.0.1 at 2013-08-21 13:16:21 +0100
Served asset /application.css - 304 Not Modified (0ms)


Started GET "/assets/jquery_ujs.js?body=1" for 127.0.0.1 at 2013-08-21 13:16:21 +0100
Served asset /jquery_ujs.js - 304 Not Modified (0ms)


Started GET "/assets/jquery.js?body=1" for 127.0.0.1 at 2013-08-21 13:16:22 +0100
Served asset /jquery.js - 304 Not Modified (0ms)


Started GET "/assets/application.js?body=1" for 127.0.0.1 at 2013-08-21 13:16:22 +0100
Served asset /application.js - 304 Not Modified (0ms)


Started GET "/movies?ratings%5BG%5D=G&ratings%5BNC-17%5D=NC-17&ratings%5BPG%5D=PG&ratings%5BPG-13%5D=PG-13&ratings%5BR%5D=R&sort=release_date" for 127.0.0.1 at 2013-08-21 13:16:26 +0100
  Processing by MoviesController#index as HTML
  Parameters: {"ratings"=>{"G"=>"G", "NC-17"=>"NC-17", "PG"=>"PG", "PG-13"=>"PG-13", "R"=>"R"}, "sort"=>"release_date"}
  [1m[35mMovie Load (0.2ms)[0m  SELECT "movies".* FROM "movies" WHERE "movies"."rating" IN ('G', 'NC-17', 'PG', 'PG-13', 'R') ORDER BY release_date
Rendered movies/index.html.haml within layouts/application (14.0ms)
Completed 200 OK in 21ms (Views: 19.4ms | ActiveRecord: 0.6ms)


Started GET "/assets/application.css?body=1" for 127.0.0.1 at 2013-08-21 13:16:26 +0100
Served asset /application.css - 304 Not Modified (0ms)


Started GET "/assets/application.js?body=1" for 127.0.0.1 at 2013-08-21 13:16:26 +0100
Served asset /application.js - 304 Not Modified (0ms)


Started GET "/assets/jquery_ujs.js?body=1" for 127.0.0.1 at 2013-08-21 13:16:26 +0100
Served asset /jquery_ujs.js - 304 Not Modified (0ms)


Started GET "/assets/jquery.js?body=1" for 127.0.0.1 at 2013-08-21 13:16:26 +0100
Served asset /jquery.js - 304 Not Modified (0ms)


Started GET "/movies?ratings%5BG%5D=G&ratings%5BNC-17%5D=NC-17&ratings%5BPG%5D=PG&ratings%5BPG-13%5D=PG-13&ratings%5BR%5D=R&sort=title" for 127.0.0.1 at 2013-08-21 13:16:27 +0100
  Processing by MoviesController#index as HTML
  Parameters: {"ratings"=>{"G"=>"G", "NC-17"=>"NC-17", "PG"=>"PG", "PG-13"=>"PG-13", "R"=>"R"}, "sort"=>"title"}
Redirected to http://localhost:3000/movies?ratings%5BG%5D=G&ratings%5BNC-17%5D=NC-17&ratings%5BPG%5D=PG&ratings%5BPG-13%5D=PG-13&ratings%5BR%5D=R&sort=title
Completed 302 Found in 1ms


Started GET "/movies?ratings%5BG%5D=G&ratings%5BNC-17%5D=NC-17&ratings%5BPG%5D=PG&ratings%5BPG-13%5D=PG-13&ratings%5BR%5D=R&sort=title" for 127.0.0.1 at 2013-08-21 13:16:27 +0100
  Processing by MoviesController#index as HTML
  Parameters: {"ratings"=>{"G"=>"G", "NC-17"=>"NC-17", "PG"=>"PG", "PG-13"=>"PG-13", "R"=>"R"}, "sort"=>"title"}
  [1m[36mMovie Load (0.2ms)[0m  [1mSELECT "movies".* FROM "movies" WHERE "movies"."rating" IN ('G', 'NC-17', 'PG', 'PG-13', 'R') ORDER BY title[0m
Rendered movies/index.html.haml within layouts/application (14.5ms)
Completed 200 OK in 23ms (Views: 20.2ms | ActiveRecord: 0.7ms)


Started GET "/assets/application.css?body=1" for 127.0.0.1 at 2013-08-21 13:16:28 +0100
Served asset /application.css - 304 Not Modified (0ms)


Started GET "/assets/application.js?body=1" for 127.0.0.1 at 2013-08-21 13:16:28 +0100
Served asset /application.js - 304 Not Modified (0ms)


Started GET "/assets/jquery_ujs.js?body=1" for 127.0.0.1 at 2013-08-21 13:16:28 +0100
Served asset /jquery_ujs.js - 304 Not Modified (0ms)


Started GET "/assets/jquery.js?body=1" for 127.0.0.1 at 2013-08-21 13:16:28 +0100
Served asset /jquery.js - 304 Not Modified (0ms)


Started GET "/movies?utf8=%E2%9C%93&title_sort=true&ratings%5BG%5D=1&ratings%5BPG%5D=1&ratings%5BNC-17%5D=1&ratings%5BR%5D=1&commit=Refresh" for 127.0.0.1 at 2013-08-21 13:16:38 +0100
  Processing by MoviesController#index as HTML
  Parameters: {"utf8"=>"✓", "title_sort"=>"true", "ratings"=>{"G"=>"1", "PG"=>"1", "NC-17"=>"1", "R"=>"1"}, "commit"=>"Refresh"}
Redirected to http://localhost:3000/movies?ratings%5BG%5D=1&ratings%5BNC-17%5D=1&ratings%5BPG%5D=1&ratings%5BR%5D=1&sort=title
Completed 302 Found in 1ms


Started GET "/movies?ratings%5BG%5D=1&ratings%5BNC-17%5D=1&ratings%5BPG%5D=1&ratings%5BR%5D=1&sort=title" for 127.0.0.1 at 2013-08-21 13:16:38 +0100
  Processing by MoviesController#index as HTML
  Parameters: {"ratings"=>{"G"=>"1", "NC-17"=>"1", "PG"=>"1", "R"=>"1"}, "sort"=>"title"}
Redirected to http://localhost:3000/movies?ratings%5BG%5D=1&ratings%5BNC-17%5D=1&ratings%5BPG%5D=1&ratings%5BR%5D=1&sort=title
Completed 302 Found in 1ms


Started GET "/movies?ratings%5BG%5D=1&ratings%5BNC-17%5D=1&ratings%5BPG%5D=1&ratings%5BR%5D=1&sort=title" for 127.0.0.1 at 2013-08-21 13:16:38 +0100
  Processing by MoviesController#index as HTML
  Parameters: {"ratings"=>{"G"=>"1", "NC-17"=>"1", "PG"=>"1", "R"=>"1"}, "sort"=>"title"}
  [1m[35mMovie Load (0.2ms)[0m  SELECT "movies".* FROM "movies" WHERE "movies"."rating" IN ('G', 'NC-17', 'PG', 'R') ORDER BY title
Rendered movies/index.html.haml within layouts/application (13.6ms)
Completed 200 OK in 20ms (Views: 18.4ms | ActiveRecord: 0.6ms)


Started GET "/assets/application.css?body=1" for 127.0.0.1 at 2013-08-21 13:16:39 +0100
Served asset /application.css - 304 Not Modified (0ms)


Started GET "/assets/application.js?body=1" for 127.0.0.1 at 2013-08-21 13:16:39 +0100
Served asset /application.js - 304 Not Modified (0ms)


Started GET "/assets/jquery_ujs.js?body=1" for 127.0.0.1 at 2013-08-21 13:16:39 +0100
Served asset /jquery_ujs.js - 304 Not Modified (0ms)


Started GET "/assets/jquery.js?body=1" for 127.0.0.1 at 2013-08-21 13:16:39 +0100
Served asset /jquery.js - 304 Not Modified (0ms)


Started GET "/movies/9" for 127.0.0.1 at 2013-08-21 13:16:40 +0100
  Processing by MoviesController#show as HTML
  Parameters: {"id"=>"9"}
  [1m[36mMovie Load (0.2ms)[0m  [1mSELECT "movies".* FROM "movies" WHERE "movies"."id" = ? LIMIT 1[0m  [["id", "9"]]
Rendered movies/show.html.haml within layouts/application (12.1ms)
Completed 200 OK in 19ms (Views: 16.5ms | ActiveRecord: 0.5ms)


Started GET "/assets/application.css?body=1" for 127.0.0.1 at 2013-08-21 13:16:40 +0100
Served asset /application.css - 304 Not Modified (0ms)


Started GET "/assets/application.js?body=1" for 127.0.0.1 at 2013-08-21 13:16:40 +0100
Served asset /application.js - 304 Not Modified (0ms)


Started GET "/assets/jquery_ujs.js?body=1" for 127.0.0.1 at 2013-08-21 13:16:40 +0100
Served asset /jquery_ujs.js - 304 Not Modified (0ms)


Started GET "/assets/jquery.js?body=1" for 127.0.0.1 at 2013-08-21 13:16:40 +0100
Served asset /jquery.js - 304 Not Modified (0ms)


Started GET "/movies/9/edit" for 127.0.0.1 at 2013-08-21 13:16:47 +0100
  Processing by MoviesController#edit as HTML
  Parameters: {"id"=>"9"}
  [1m[35mMovie Load (0.1ms)[0m  SELECT "movies".* FROM "movies" WHERE "movies"."id" = ? LIMIT 1  [["id", "9"]]
Rendered movies/edit.html.haml within layouts/application (45.7ms)
Completed 200 OK in 52ms (Views: 50.4ms | ActiveRecord: 0.5ms)


Started GET "/assets/application.css?body=1" for 127.0.0.1 at 2013-08-21 13:16:47 +0100
Served asset /application.css - 304 Not Modified (0ms)


Started GET "/assets/application.js?body=1" for 127.0.0.1 at 2013-08-21 13:16:47 +0100
Served asset /application.js - 304 Not Modified (0ms)


Started GET "/assets/jquery_ujs.js?body=1" for 127.0.0.1 at 2013-08-21 13:16:47 +0100
Served asset /jquery_ujs.js - 304 Not Modified (0ms)


Started GET "/assets/jquery.js?body=1" for 127.0.0.1 at 2013-08-21 13:16:47 +0100
Served asset /jquery.js - 304 Not Modified (0ms)


Started GET "/movies?utf8=%E2%9C%93&title_sort=true&ratings%5BG%5D=1&ratings%5BPG%5D=1&ratings%5BPG-13%5D=1&ratings%5BNC-17%5D=1&ratings%5BR%5D=1&commit=Refresh" for 127.0.0.1 at 2013-08-21 13:17:02 +0100
  Processing by MoviesController#index as HTML
  Parameters: {"utf8"=>"✓", "title_sort"=>"true", "ratings"=>{"G"=>"1", "PG"=>"1", "PG-13"=>"1", "NC-17"=>"1", "R"=>"1"}, "commit"=>"Refresh"}
Redirected to http://localhost:3000/movies?ratings%5BG%5D=1&ratings%5BNC-17%5D=1&ratings%5BPG%5D=1&ratings%5BPG-13%5D=1&ratings%5BR%5D=1&sort=title
Completed 302 Found in 1ms


Started GET "/movies?ratings%5BG%5D=1&ratings%5BNC-17%5D=1&ratings%5BPG%5D=1&ratings%5BPG-13%5D=1&ratings%5BR%5D=1&sort=title" for 127.0.0.1 at 2013-08-21 13:17:02 +0100
  Processing by MoviesController#index as HTML
  Parameters: {"ratings"=>{"G"=>"1", "NC-17"=>"1", "PG"=>"1", "PG-13"=>"1", "R"=>"1"}, "sort"=>"title"}
Redirected to http://localhost:3000/movies?ratings%5BG%5D=1&ratings%5BNC-17%5D=1&ratings%5BPG%5D=1&ratings%5BPG-13%5D=1&ratings%5BR%5D=1&sort=title
Completed 302 Found in 1ms


Started GET "/movies?ratings%5BG%5D=1&ratings%5BNC-17%5D=1&ratings%5BPG%5D=1&ratings%5BPG-13%5D=1&ratings%5BR%5D=1&sort=title" for 127.0.0.1 at 2013-08-21 13:17:02 +0100
  Processing by MoviesController#index as HTML
  Parameters: {"ratings"=>{"G"=>"1", "NC-17"=>"1", "PG"=>"1", "PG-13"=>"1", "R"=>"1"}, "sort"=>"title"}
  [1m[36mMovie Load (0.3ms)[0m  [1mSELECT "movies".* FROM "movies" WHERE "movies"."rating" IN ('G', 'NC-17', 'PG', 'PG-13', 'R') ORDER BY title[0m
Rendered movies/index.html.haml within layouts/application (29.4ms)
Completed 200 OK in 45ms (Views: 38.1ms | ActiveRecord: 0.7ms)


Started GET "/assets/application.css?body=1" for 127.0.0.1 at 2013-08-21 13:17:02 +0100
Served asset /application.css - 304 Not Modified (0ms)


Started GET "/assets/jquery.js?body=1" for 127.0.0.1 at 2013-08-21 13:17:02 +0100
Served asset /jquery.js - 304 Not Modified (0ms)


Started GET "/assets/jquery_ujs.js?body=1" for 127.0.0.1 at 2013-08-21 13:17:02 +0100
Served asset /jquery_ujs.js - 304 Not Modified (0ms)


Started GET "/assets/application.js?body=1" for 127.0.0.1 at 2013-08-21 13:17:02 +0100
Served asset /application.js - 304 Not Modified (3ms)


Started GET "/movies/7" for 127.0.0.1 at 2013-08-21 13:17:05 +0100
  Processing by MoviesController#show as HTML
  Parameters: {"id"=>"7"}
  [1m[35mMovie Load (0.2ms)[0m  SELECT "movies".* FROM "movies" WHERE "movies"."id" = ? LIMIT 1  [["id", "7"]]
Rendered movies/show.html.haml within layouts/application (9.1ms)
Completed 200 OK in 15ms (Views: 13.8ms | ActiveRecord: 0.4ms)


Started GET "/assets/application.css?body=1" for 127.0.0.1 at 2013-08-21 13:17:05 +0100
Served asset /application.css - 304 Not Modified (0ms)


Started GET "/assets/application.js?body=1" for 127.0.0.1 at 2013-08-21 13:17:05 +0100
Served asset /application.js - 304 Not Modified (0ms)


Started GET "/assets/jquery_ujs.js?body=1" for 127.0.0.1 at 2013-08-21 13:17:05 +0100
Served asset /jquery_ujs.js - 304 Not Modified (0ms)


Started GET "/assets/jquery.js?body=1" for 127.0.0.1 at 2013-08-21 13:17:05 +0100
Served asset /jquery.js - 304 Not Modified (0ms)


Started GET "/movies/7/edit" for 127.0.0.1 at 2013-08-21 13:17:07 +0100
  Processing by MoviesController#edit as HTML
  Parameters: {"id"=>"7"}
  [1m[36mMovie Load (0.2ms)[0m  [1mSELECT "movies".* FROM "movies" WHERE "movies"."id" = ? LIMIT 1[0m  [["id", "7"]]
Rendered movies/edit.html.haml within layouts/application (11.5ms)
Completed 200 OK in 18ms (Views: 16.1ms | ActiveRecord: 0.5ms)


Started GET "/assets/application.css?body=1" for 127.0.0.1 at 2013-08-21 13:17:07 +0100
Served asset /application.css - 304 Not Modified (0ms)


Started GET "/assets/application.js?body=1" for 127.0.0.1 at 2013-08-21 13:17:07 +0100
Served asset /application.js - 304 Not Modified (0ms)


Started GET "/assets/jquery_ujs.js?body=1" for 127.0.0.1 at 2013-08-21 13:17:07 +0100
Served asset /jquery_ujs.js - 304 Not Modified (0ms)


Started GET "/assets/jquery.js?body=1" for 127.0.0.1 at 2013-08-21 13:17:07 +0100
Served asset /jquery.js - 304 Not Modified (0ms)


Started GET "/movies/7/edit" for 127.0.0.1 at 2013-08-21 13:24:13 +0100
  Processing by MoviesController#edit as HTML
  Parameters: {"id"=>"7"}
  [1m[35mMovie Load (0.1ms)[0m  SELECT "movies".* FROM "movies" WHERE "movies"."id" = ? LIMIT 1  [["id", "7"]]
Rendered movies/edit.html.haml within layouts/application (12.9ms)
Completed 200 OK in 20ms (Views: 17.6ms | ActiveRecord: 0.7ms)


Started GET "/assets/application.css?body=1" for 127.0.0.1 at 2013-08-21 13:24:13 +0100
Served asset /application.css - 304 Not Modified (0ms)


Started GET "/assets/application.js?body=1" for 127.0.0.1 at 2013-08-21 13:24:13 +0100
Served asset /application.js - 304 Not Modified (0ms)


Started GET "/assets/jquery_ujs.js?body=1" for 127.0.0.1 at 2013-08-21 13:24:13 +0100
Served asset /jquery_ujs.js - 304 Not Modified (0ms)


Started GET "/assets/jquery.js?body=1" for 127.0.0.1 at 2013-08-21 13:24:13 +0100
Served asset /jquery.js - 304 Not Modified (0ms)


Started GET "/movies/7" for 127.0.0.1 at 2013-08-21 13:24:18 +0100
  Processing by MoviesController#show as HTML
  Parameters: {"id"=>"7"}
  [1m[36mMovie Load (0.2ms)[0m  [1mSELECT "movies".* FROM "movies" WHERE "movies"."id" = ? LIMIT 1[0m  [["id", "7"]]
Rendered movies/show.html.haml within layouts/application (13.9ms)
Completed 200 OK in 20ms (Views: 18.4ms | ActiveRecord: 0.6ms)


Started GET "/assets/application.css?body=1" for 127.0.0.1 at 2013-08-21 13:24:18 +0100
Served asset /application.css - 304 Not Modified (0ms)


Started GET "/assets/application.js?body=1" for 127.0.0.1 at 2013-08-21 13:24:18 +0100
Served asset /application.js - 304 Not Modified (0ms)


Started GET "/assets/jquery_ujs.js?body=1" for 127.0.0.1 at 2013-08-21 13:24:18 +0100
Served asset /jquery_ujs.js - 304 Not Modified (0ms)


Started GET "/assets/jquery.js?body=1" for 127.0.0.1 at 2013-08-21 13:24:18 +0100
Served asset /jquery.js - 304 Not Modified (0ms)


Started GET "/movies/7/similar" for 127.0.0.1 at 2013-08-21 13:24:28 +0100
  Processing by MoviesController#similar as HTML
  Parameters: {"id"=>"7"}
  [1m[35mMovie Load (0.1ms)[0m  SELECT "movies".* FROM "movies" WHERE "movies"."id" = ? LIMIT 1  [["id", "7"]]
Redirected to http://localhost:3000/movies
Completed 302 Found in 9ms


Started GET "/movies" for 127.0.0.1 at 2013-08-21 13:24:28 +0100
  Processing by MoviesController#index as HTML
Redirected to http://localhost:3000/movies?ratings%5BG%5D=1&ratings%5BNC-17%5D=1&ratings%5BPG%5D=1&ratings%5BPG-13%5D=1&ratings%5BR%5D=1&sort=title
Completed 302 Found in 2ms


Started GET "/movies?ratings%5BG%5D=1&ratings%5BNC-17%5D=1&ratings%5BPG%5D=1&ratings%5BPG-13%5D=1&ratings%5BR%5D=1&sort=title" for 127.0.0.1 at 2013-08-21 13:24:28 +0100
  Processing by MoviesController#index as HTML
  Parameters: {"ratings"=>{"G"=>"1", "NC-17"=>"1", "PG"=>"1", "PG-13"=>"1", "R"=>"1"}, "sort"=>"title"}
  [1m[36mMovie Load (0.2ms)[0m  [1mSELECT "movies".* FROM "movies" WHERE "movies"."rating" IN ('G', 'NC-17', 'PG', 'PG-13', 'R') ORDER BY title[0m
Rendered movies/index.html.haml within layouts/application (16.1ms)
Completed 200 OK in 26ms (Views: 22.4ms | ActiveRecord: 0.6ms)


Started GET "/assets/application.css?body=1" for 127.0.0.1 at 2013-08-21 13:24:28 +0100
Served asset /application.css - 304 Not Modified (0ms)


Started GET "/assets/application.js?body=1" for 127.0.0.1 at 2013-08-21 13:24:28 +0100
Served asset /application.js - 304 Not Modified (2ms)


Started GET "/assets/jquery_ujs.js?body=1" for 127.0.0.1 at 2013-08-21 13:24:28 +0100
Served asset /jquery_ujs.js - 304 Not Modified (0ms)


Started GET "/assets/jquery.js?body=1" for 127.0.0.1 at 2013-08-21 13:24:28 +0100
Served asset /jquery.js - 304 Not Modified (0ms)


Started GET "/movies/10" for 127.0.0.1 at 2013-08-21 13:24:38 +0100
  Processing by MoviesController#show as HTML
  Parameters: {"id"=>"10"}
  [1m[35mMovie Load (0.1ms)[0m  SELECT "movies".* FROM "movies" WHERE "movies"."id" = ? LIMIT 1  [["id", "10"]]
Rendered movies/show.html.haml within layouts/application (8.6ms)
Completed 200 OK in 15ms (Views: 13.6ms | ActiveRecord: 0.3ms)


Started GET "/assets/application.css?body=1" for 127.0.0.1 at 2013-08-21 13:24:38 +0100
Served asset /application.css - 304 Not Modified (0ms)


Started GET "/assets/application.js?body=1" for 127.0.0.1 at 2013-08-21 13:24:38 +0100
Served asset /application.js - 304 Not Modified (3ms)


Started GET "/assets/jquery_ujs.js?body=1" for 127.0.0.1 at 2013-08-21 13:24:39 +0100
Served asset /jquery_ujs.js - 304 Not Modified (0ms)


Started GET "/assets/jquery.js?body=1" for 127.0.0.1 at 2013-08-21 13:24:39 +0100
Served asset /jquery.js - 304 Not Modified (0ms)


Started GET "/movies/10/similar" for 127.0.0.1 at 2013-08-21 13:24:41 +0100
  Processing by MoviesController#similar as HTML
  Parameters: {"id"=>"10"}
  [1m[36mMovie Load (0.6ms)[0m  [1mSELECT "movies".* FROM "movies" WHERE "movies"."id" = ? LIMIT 1[0m  [["id", "10"]]
Redirected to http://localhost:3000/movies
Completed 302 Found in 12ms


Started GET "/movies" for 127.0.0.1 at 2013-08-21 13:24:41 +0100
  Processing by MoviesController#index as HTML
Redirected to http://localhost:3000/movies?ratings%5BG%5D=1&ratings%5BNC-17%5D=1&ratings%5BPG%5D=1&ratings%5BPG-13%5D=1&ratings%5BR%5D=1&sort=title
Completed 302 Found in 1ms


Started GET "/movies?ratings%5BG%5D=1&ratings%5BNC-17%5D=1&ratings%5BPG%5D=1&ratings%5BPG-13%5D=1&ratings%5BR%5D=1&sort=title" for 127.0.0.1 at 2013-08-21 13:24:41 +0100
  Processing by MoviesController#index as HTML
  Parameters: {"ratings"=>{"G"=>"1", "NC-17"=>"1", "PG"=>"1", "PG-13"=>"1", "R"=>"1"}, "sort"=>"title"}
  [1m[35mMovie Load (0.3ms)[0m  SELECT "movies".* FROM "movies" WHERE "movies"."rating" IN ('G', 'NC-17', 'PG', 'PG-13', 'R') ORDER BY title
Rendered movies/index.html.haml within layouts/application (17.5ms)
Completed 200 OK in 27ms (Views: 24.2ms | ActiveRecord: 0.9ms)


Started GET "/assets/application.css?body=1" for 127.0.0.1 at 2013-08-21 13:24:41 +0100
Served asset /application.css - 304 Not Modified (0ms)


Started GET "/assets/application.js?body=1" for 127.0.0.1 at 2013-08-21 13:24:41 +0100
Served asset /application.js - 304 Not Modified (0ms)


Started GET "/assets/jquery_ujs.js?body=1" for 127.0.0.1 at 2013-08-21 13:24:41 +0100
Served asset /jquery_ujs.js - 304 Not Modified (0ms)


Started GET "/assets/jquery.js?body=1" for 127.0.0.1 at 2013-08-21 13:24:41 +0100
Served asset /jquery.js - 304 Not Modified (0ms)


Started GET "/movies/18" for 127.0.0.1 at 2013-08-21 13:24:45 +0100
  Processing by MoviesController#show as HTML
  Parameters: {"id"=>"18"}
  [1m[36mMovie Load (0.2ms)[0m  [1mSELECT "movies".* FROM "movies" WHERE "movies"."id" = ? LIMIT 1[0m  [["id", "18"]]
Rendered movies/show.html.haml within layouts/application (17.9ms)
Completed 200 OK in 28ms (Views: 22.9ms | ActiveRecord: 0.5ms)


Started GET "/assets/application.css?body=1" for 127.0.0.1 at 2013-08-21 13:24:45 +0100
Served asset /application.css - 304 Not Modified (3ms)


Started GET "/assets/application.js?body=1" for 127.0.0.1 at 2013-08-21 13:24:45 +0100
Served asset /application.js - 304 Not Modified (0ms)


Started GET "/assets/jquery_ujs.js?body=1" for 127.0.0.1 at 2013-08-21 13:24:45 +0100
Served asset /jquery_ujs.js - 304 Not Modified (0ms)


Started GET "/assets/jquery.js?body=1" for 127.0.0.1 at 2013-08-21 13:24:45 +0100
Served asset /jquery.js - 304 Not Modified (0ms)


Started GET "/movies/18/similar" for 127.0.0.1 at 2013-08-21 13:24:52 +0100
  Processing by MoviesController#similar as HTML
  Parameters: {"id"=>"18"}
  [1m[35mMovie Load (0.2ms)[0m  SELECT "movies".* FROM "movies" WHERE "movies"."id" = ? LIMIT 1  [["id", "18"]]
Redirected to http://localhost:3000/movies
Completed 302 Found in 11ms


Started GET "/movies" for 127.0.0.1 at 2013-08-21 13:24:52 +0100
  Processing by MoviesController#index as HTML
Redirected to http://localhost:3000/movies?ratings%5BG%5D=1&ratings%5BNC-17%5D=1&ratings%5BPG%5D=1&ratings%5BPG-13%5D=1&ratings%5BR%5D=1&sort=title
Completed 302 Found in 1ms


Started GET "/movies?ratings%5BG%5D=1&ratings%5BNC-17%5D=1&ratings%5BPG%5D=1&ratings%5BPG-13%5D=1&ratings%5BR%5D=1&sort=title" for 127.0.0.1 at 2013-08-21 13:24:52 +0100
  Processing by MoviesController#index as HTML
  Parameters: {"ratings"=>{"G"=>"1", "NC-17"=>"1", "PG"=>"1", "PG-13"=>"1", "R"=>"1"}, "sort"=>"title"}
  [1m[36mMovie Load (0.3ms)[0m  [1mSELECT "movies".* FROM "movies" WHERE "movies"."rating" IN ('G', 'NC-17', 'PG', 'PG-13', 'R') ORDER BY title[0m
Rendered movies/index.html.haml within layouts/application (15.8ms)
Completed 200 OK in 23ms (Views: 20.9ms | ActiveRecord: 0.6ms)


Started GET "/assets/application.css?body=1" for 127.0.0.1 at 2013-08-21 13:24:52 +0100
Served asset /application.css - 304 Not Modified (0ms)


Started GET "/assets/jquery_ujs.js?body=1" for 127.0.0.1 at 2013-08-21 13:24:52 +0100
Served asset /jquery_ujs.js - 304 Not Modified (0ms)


Started GET "/assets/jquery.js?body=1" for 127.0.0.1 at 2013-08-21 13:24:52 +0100
Served asset /jquery.js - 304 Not Modified (0ms)


Started GET "/assets/application.js?body=1" for 127.0.0.1 at 2013-08-21 13:24:52 +0100
Served asset /application.js - 304 Not Modified (0ms)
  [1m[36m (2.8ms)[0m  [1mSELECT "schema_migrations"."version" FROM "schema_migrations" [0m
  [1m[35m (0.2ms)[0m  select sqlite_version(*)
  [1m[36m (38.0ms)[0m  [1mCREATE TABLE "movies" ("id" INTEGER PRIMARY KEY AUTOINCREMENT NOT NULL, "title" varchar(255), "rating" varchar(255), "description" text, "release_date" datetime, "created_at" datetime, "updated_at" datetime, "Directors" varchar(255), "director" varchar(255)) [0m
  [1m[35m (21.7ms)[0m  CREATE TABLE "schema_migrations" ("version" varchar(255) NOT NULL) 
  [1m[36m (0.1ms)[0m  [1mPRAGMA index_list("schema_migrations")[0m
  [1m[35m (58.2ms)[0m  CREATE UNIQUE INDEX "unique_schema_migrations" ON "schema_migrations" ("version")
  [1m[36m (0.1ms)[0m  [1mSELECT version FROM "schema_migrations"[0m
  [1m[35m (66.3ms)[0m  INSERT INTO "schema_migrations" (version) VALUES ('20130813105932')
  [1m[36m (33.0ms)[0m  [1mINSERT INTO "schema_migrations" (version) VALUES ('20130813105653')[0m
  [1m[35m (30.1ms)[0m  INSERT INTO "schema_migrations" (version) VALUES ('20130813105900')
  [1m[36m (25.3ms)[0m  [1mINSERT INTO "schema_migrations" (version) VALUES ('20111119180638')[0m


Started GET "/movies?ratings%5BG%5D=1&ratings%5BNC-17%5D=1&ratings%5BPG%5D=1&ratings%5BPG-13%5D=1&ratings%5BR%5D=1&sort=title" for 127.0.0.1 at 2013-08-21 13:39:53 +0100
  Processing by MoviesController#index as HTML
  Parameters: {"ratings"=>{"G"=>"1", "NC-17"=>"1", "PG"=>"1", "PG-13"=>"1", "R"=>"1"}, "sort"=>"title"}
  [1m[35mMovie Load (0.3ms)[0m  SELECT "movies".* FROM "movies" WHERE "movies"."rating" IN ('G', 'NC-17', 'PG', 'PG-13', 'R') ORDER BY title
Rendered movies/index.html.haml within layouts/application (14.9ms)
Completed 200 OK in 24ms (Views: 21.5ms | ActiveRecord: 0.6ms)


Started GET "/assets/application.css?body=1" for 127.0.0.1 at 2013-08-21 13:39:53 +0100
Served asset /application.css - 304 Not Modified (0ms)


Started GET "/assets/application.js?body=1" for 127.0.0.1 at 2013-08-21 13:39:53 +0100
Served asset /application.js - 304 Not Modified (0ms)


Started GET "/assets/jquery.js?body=1" for 127.0.0.1 at 2013-08-21 13:39:53 +0100
Served asset /jquery.js - 304 Not Modified (0ms)


Started GET "/assets/jquery_ujs.js?body=1" for 127.0.0.1 at 2013-08-21 13:39:53 +0100
Served asset /jquery_ujs.js - 304 Not Modified (0ms)


Started GET "/coverage" for 127.0.0.1 at 2013-08-21 13:40:03 +0100

ActionController::RoutingError (No route matches [GET] "/coverage"):
  

Rendered /home/ubuntu/.rvm/gems/ruby-1.9.3-p448/gems/actionpack-3.1.0/lib/action_dispatch/middleware/templates/rescues/routing_error.erb within rescues/layout (1.8ms)


Started GET "/coverage/index.html" for 127.0.0.1 at 2013-08-21 13:52:44 +0100

ActionController::RoutingError (No route matches [GET] "/coverage/index.html"):
  

Rendered /home/ubuntu/.rvm/gems/ruby-1.9.3-p448/gems/actionpack-3.1.0/lib/action_dispatch/middleware/templates/rescues/routing_error.erb within rescues/layout (0.6ms)
  [1m[36m (1.7ms)[0m  [1mSELECT "schema_migrations"."version" FROM "schema_migrations" [0m
  [1m[35m (0.2ms)[0m  select sqlite_version(*)
  [1m[36m (81.4ms)[0m  [1mCREATE TABLE "movies" ("id" INTEGER PRIMARY KEY AUTOINCREMENT NOT NULL, "title" varchar(255), "rating" varchar(255), "description" text, "release_date" datetime, "created_at" datetime, "updated_at" datetime, "Directors" varchar(255), "director" varchar(255)) [0m
  [1m[35m (26.7ms)[0m  CREATE TABLE "schema_migrations" ("version" varchar(255) NOT NULL) 
  [1m[36m (0.2ms)[0m  [1mPRAGMA index_list("schema_migrations")[0m
  [1m[35m (63.0ms)[0m  CREATE UNIQUE INDEX "unique_schema_migrations" ON "schema_migrations" ("version")
  [1m[36m (0.3ms)[0m  [1mSELECT version FROM "schema_migrations"[0m
  [1m[35m (29.9ms)[0m  INSERT INTO "schema_migrations" (version) VALUES ('20130813105932')
  [1m[36m (44.5ms)[0m  [1mINSERT INTO "schema_migrations" (version) VALUES ('20130813105653')[0m
  [1m[35m (57.5ms)[0m  INSERT INTO "schema_migrations" (version) VALUES ('20130813105900')
  [1m[36m (29.2ms)[0m  [1mINSERT INTO "schema_migrations" (version) VALUES ('20111119180638')[0m
  [1m[36m (1.6ms)[0m  [1mSELECT "schema_migrations"."version" FROM "schema_migrations" [0m
  [1m[35m (0.0ms)[0m  select sqlite_version(*)
  [1m[36m (115.3ms)[0m  [1mCREATE TABLE "movies" ("id" INTEGER PRIMARY KEY AUTOINCREMENT NOT NULL, "title" varchar(255), "rating" varchar(255), "description" text, "release_date" datetime, "created_at" datetime, "updated_at" datetime, "Directors" varchar(255), "director" varchar(255)) [0m
  [1m[35m (31.9ms)[0m  CREATE TABLE "schema_migrations" ("version" varchar(255) NOT NULL) 
  [1m[36m (0.1ms)[0m  [1mPRAGMA index_list("schema_migrations")[0m
  [1m[35m (27.9ms)[0m  CREATE UNIQUE INDEX "unique_schema_migrations" ON "schema_migrations" ("version")
  [1m[36m (0.2ms)[0m  [1mSELECT version FROM "schema_migrations"[0m
  [1m[35m (26.9ms)[0m  INSERT INTO "schema_migrations" (version) VALUES ('20130813105932')
  [1m[36m (79.6ms)[0m  [1mINSERT INTO "schema_migrations" (version) VALUES ('20130813105653')[0m
  [1m[35m (23.5ms)[0m  INSERT INTO "schema_migrations" (version) VALUES ('20130813105900')
  [1m[36m (26.2ms)[0m  [1mINSERT INTO "schema_migrations" (version) VALUES ('20111119180638')[0m
